#
# A fatal error has been detected by the Java Runtime Environment:
#
#  SIGSEGV (0xb) at pc=0x00007f3575e5c462, pid=7997, tid=139867590113024
#
# JRE version: Java(TM) SE Runtime Environment (8.0_71-b15) (build 1.8.0_71-b15)
# Java VM: Java HotSpot(TM) 64-Bit Server VM (25.71-b15 mixed mode linux-amd64 compressed oops)
# Problematic frame:
# C  [librxtxSerial.so+0x6462]  read_byte_array+0x52
#
# Failed to write core dump. Core dumps have been disabled. To enable core dumping, try "ulimit -c unlimited" before starting Java again
#
# If you would like to submit a bug report, please visit:
#   http://bugreport.java.com/bugreport/crash.jsp
# The crash happened outside the Java Virtual Machine in native code.
# See problematic frame for where to report the bug.
#

---------------  T H R E A D  ---------------

Current thread (0x00007f3590248800):  JavaThread "AWT-EventQueue-0" [_thread_in_native, id=8019, stack(0x00007f3575f63000,0x00007f3576064000)]

siginfo: si_signo: 11 (SIGSEGV), si_code: 1 (SEGV_MAPERR), si_addr: 0x0000000074d7d458

Registers:
RAX=0x0000000074d7d450, RBX=0x0000000000000011, RCX=0x0000000000000001, RDX=0x00007f35958adf90
RSP=0x00007f3576060090, RBP=0x00007f35902489f8, RSI=0x00007f3575e5fe30, RDI=0x00007f3575e5fd3e
R8 =0x000000000000000c, R9 =0x000000076d73c420, R10=0x0000000000000008, R11=0x00007f35958b2508
R12=0x00000000ffffffff, R13=0x0000000000000000, R14=0x00007f3576060258, R15=0x00007f3590248800
RIP=0x00007f3575e5c462, EFLAGS=0x0000000000010206, CSGSFS=0x0000000000000033, ERR=0x0000000000000004
  TRAPNO=0x000000000000000e

Top of Stack: (sp=0x00007f3576060090)
0x00007f3576060090:   00007f3575e56ed0 00007f353009eab0
0x00007f35760600a0:   00007f3575e5fce8 00000007c0104aa8
0x00007f35760600b0:   00007f3590248800 0000000074d7d450
0x00007f35760600c0:   00000007c0104aa8 0000000000000000
0x00007f35760600d0:   0000000000000000 0000000194fe293f
0x00007f35760600e0:   00007f35760601d7 0000001176060120
0x00007f35760600f0:   00007f3575e5fe6b 00007f3575f62830
0x00007f3576060100:   0000000000000000 00007f357e3fb710
0x00007f3576060110:   00007f3576060258 00007f3590248800
0x00007f3576060120:   00007f35902489f8 00007f35962ccdc7
0x00007f3576060130:   00007f3500000005 0000000000000000
0x00007f3576060140:   00007f3590248800 00007f3575e56ed0
0x00007f3576060150:   0000000000000011 00007f35902489f8
0x00007f3576060160:   0000000000000000 00007f35962d32e5
0x00007f3576060170:   ffffffffffffffff 00007f35760601d7
0x00007f3576060180:   0000000000000011 0000000000000011
0x00007f3576060190:   00007f35902489f8 0000000000000000
0x00007f35760601a0:   00007f357e3fb710 00007f3576060258
0x00007f35760601b0:   00007f3590248800 00007f3575e5c99c
0x00007f35760601c0:   0000000000000000 00007f3576060258
0x00007f35760601d0:   00007f3576060238 00007f357e3fb718
0x00007f35760601e0:   00007f3576060238 00007f3580397994
0x00007f35760601f0:   00007f35803976e2 00007f35760601f8
0x00007f3576060200:   00007f357e3fb710 00007f3576060258
0x00007f3576060210:   00007f357e72c048 0000000000000000
0x00007f3576060220:   00007f357e3fb718 0000000000000000
0x00007f3576060230:   00007f3576060258 00007f35760602b0
0x00007f3576060240:   00007f3580389690 0000000000000000
0x00007f3576060250:   00007f3580391576 000000076d73c420
0x00007f3576060260:   0000000000000001 000000076d73c910
0x00007f3576060270:   00007f3576060260 00007f357e72b165
0x00007f3576060280:   00007f35760602d8 00007f357e72e5b0 

Instructions: (pc=0x00007f3575e5c462)
0x00007f3575e5c442:   89 44 24 4c 48 c7 44 24 40 00 00 00 00 48 c7 44
0x00007f3575e5c452:   24 38 00 00 00 00 e8 53 d7 ff ff 48 89 44 24 28
0x00007f3575e5c462:   8b 40 08 45 85 e4 48 8b 54 24 28 44 8b 7c 24 4c
0x00007f3575e5c472:   89 44 24 34 c7 42 08 00 00 00 00 78 0c 31 c0 e8 

Register to memory mapping:

RAX=0x0000000074d7d450 is an unknown value
RBX=0x0000000000000011 is an unknown value
RCX=0x0000000000000001 is an unknown value
RDX=0x00007f35958adf90: <offset 0xfb0f90> in /opt/jdk/jdk1.8.0_71/jre/lib/amd64/server/libjvm.so at 0x00007f35948fd000
RSP=0x00007f3576060090 is pointing into the stack for thread: 0x00007f3590248800
RBP=0x00007f35902489f8 is an unknown value
RSI=0x00007f3575e5fe30: <offset 0x9e30> in /home/ray/Java Libs/rxtx-2.1-7-bins-r2/Linux/x86_64-unknown-linux-gnu/librxtxSerial.so at 0x00007f3575e56000
RDI=0x00007f3575e5fd3e: <offset 0x9d3e> in /home/ray/Java Libs/rxtx-2.1-7-bins-r2/Linux/x86_64-unknown-linux-gnu/librxtxSerial.so at 0x00007f3575e56000
R8 =0x000000000000000c is an unknown value
R9 =0x000000076d73c420 is an oop
gnu.io.RXTXPort 
 - klass: 'gnu/io/RXTXPort'
R10=0x0000000000000008 is an unknown value
R11=0x00007f35958b2508: <offset 0xfb5508> in /opt/jdk/jdk1.8.0_71/jre/lib/amd64/server/libjvm.so at 0x00007f35948fd000
R12=0x00000000ffffffff is an unknown value
R13=0x0000000000000000 is an unknown value
R14=0x00007f3576060258 is pointing into the stack for thread: 0x00007f3590248800
R15=0x00007f3590248800 is a thread


Stack: [0x00007f3575f63000,0x00007f3576064000],  sp=0x00007f3576060090,  free space=1012k
Native frames: (J=compiled Java code, j=interpreted, Vv=VM code, C=native code)
C  [librxtxSerial.so+0x6462]  read_byte_array+0x52

Java frames: (J=compiled Java code, j=interpreted, Vv=VM code)
j  gnu.io.RXTXPort.readByte()I+0
j  gnu.io.RXTXPort$SerialInputStream.read()I+61
j  GUI.VideoRecorderGUI$3.actionPerformed(Ljava/awt/event/ActionEvent;)V+95
j  javax.swing.AbstractButton.fireActionPerformed(Ljava/awt/event/ActionEvent;)V+83
j  javax.swing.AbstractButton$Handler.actionPerformed(Ljava/awt/event/ActionEvent;)V+5
j  javax.swing.DefaultButtonModel.fireActionPerformed(Ljava/awt/event/ActionEvent;)V+34
j  javax.swing.DefaultButtonModel.setPressed(Z)V+117
j  javax.swing.plaf.basic.BasicButtonListener.mouseReleased(Ljava/awt/event/MouseEvent;)V+35
j  java.awt.Component.processMouseEvent(Ljava/awt/event/MouseEvent;)V+64
j  javax.swing.JComponent.processMouseEvent(Ljava/awt/event/MouseEvent;)V+23
j  java.awt.Component.processEvent(Ljava/awt/AWTEvent;)V+81
j  java.awt.Container.processEvent(Ljava/awt/AWTEvent;)V+18
j  java.awt.Component.dispatchEventImpl(Ljava/awt/AWTEvent;)V+589
j  java.awt.Container.dispatchEventImpl(Ljava/awt/AWTEvent;)V+42
j  java.awt.Component.dispatchEvent(Ljava/awt/AWTEvent;)V+2
j  java.awt.LightweightDispatcher.retargetMouseEvent(Ljava/awt/Component;ILjava/awt/event/MouseEvent;)V+327
j  java.awt.LightweightDispatcher.processMouseEvent(Ljava/awt/event/MouseEvent;)Z+155
j  java.awt.LightweightDispatcher.dispatchEvent(Ljava/awt/AWTEvent;)Z+50
j  java.awt.Container.dispatchEventImpl(Ljava/awt/AWTEvent;)V+12
j  java.awt.Window.dispatchEventImpl(Ljava/awt/AWTEvent;)V+19
j  java.awt.Component.dispatchEvent(Ljava/awt/AWTEvent;)V+2
j  java.awt.EventQueue.dispatchEventImpl(Ljava/awt/AWTEvent;Ljava/lang/Object;)V+41
j  java.awt.EventQueue.access$500(Ljava/awt/EventQueue;Ljava/awt/AWTEvent;Ljava/lang/Object;)V+3
j  java.awt.EventQueue$3.run()Ljava/lang/Void;+32
j  java.awt.EventQueue$3.run()Ljava/lang/Object;+1
v  ~StubRoutines::call_stub
j  java.security.AccessController.doPrivileged(Ljava/security/PrivilegedAction;Ljava/security/AccessControlContext;)Ljava/lang/Object;+0
j  java.security.ProtectionDomain$JavaSecurityAccessImpl.doIntersectionPrivilege(Ljava/security/PrivilegedAction;Ljava/security/AccessControlContext;Ljava/security/AccessControlContext;)Ljava/lang/Object;+18
j  java.security.ProtectionDomain$JavaSecurityAccessImpl.doIntersectionPrivilege(Ljava/security/PrivilegedAction;Ljava/security/AccessControlContext;)Ljava/lang/Object;+6
j  java.awt.EventQueue$4.run()Ljava/lang/Void;+11
j  java.awt.EventQueue$4.run()Ljava/lang/Object;+1
v  ~StubRoutines::call_stub
j  java.security.AccessController.doPrivileged(Ljava/security/PrivilegedAction;Ljava/security/AccessControlContext;)Ljava/lang/Object;+0
j  java.security.ProtectionDomain$JavaSecurityAccessImpl.doIntersectionPrivilege(Ljava/security/PrivilegedAction;Ljava/security/AccessControlContext;Ljava/security/AccessControlContext;)Ljava/lang/Object;+18
j  java.awt.EventQueue.dispatchEvent(Ljava/awt/AWTEvent;)V+73
j  java.awt.EventDispatchThread.pumpOneEventForFilters(I)V+245
j  java.awt.EventDispatchThread.pumpEventsForFilter(ILjava/awt/Conditional;Ljava/awt/EventFilter;)V+35
j  java.awt.EventDispatchThread.pumpEventsForHierarchy(ILjava/awt/Conditional;Ljava/awt/Component;)V+11
j  java.awt.EventDispatchThread.pumpEvents(ILjava/awt/Conditional;)V+4
j  java.awt.EventDispatchThread.pumpEvents(Ljava/awt/Conditional;)V+3
j  java.awt.EventDispatchThread.run()V+9
v  ~StubRoutines::call_stub

---------------  P R O C E S S  ---------------

Java Threads: ( => current thread )
  0x00007f35301e4000 JavaThread "Thread-1" [_thread_in_native, id=8021, stack(0x00007f3574c7e000,0x00007f3574d7f000)]
  0x00007f35300f1800 JavaThread "TimerQueue" daemon [_thread_blocked, id=8020, stack(0x00007f35751ac000,0x00007f35752ad000)]
  0x00007f359000a000 JavaThread "DestroyJavaVM" [_thread_blocked, id=8002, stack(0x00007f35963bc000,0x00007f35964bd000)]
=>0x00007f3590248800 JavaThread "AWT-EventQueue-0" [_thread_in_native, id=8019, stack(0x00007f3575f63000,0x00007f3576064000)]
  0x00007f3590246800 JavaThread "AWT-Shutdown" [_thread_blocked, id=8018, stack(0x00007f3576064000,0x00007f3576165000)]
  0x00007f3590242800 JavaThread "AWT-XAWT" daemon [_thread_in_native, id=8017, stack(0x00007f3576165000,0x00007f3576266000)]
  0x00007f359021f000 JavaThread "Java2D Disposer" daemon [_thread_blocked, id=8016, stack(0x00007f3576677000,0x00007f3576778000)]
  0x00007f35900c0800 JavaThread "Service Thread" daemon [_thread_blocked, id=8014, stack(0x00007f357c4ce000,0x00007f357c5cf000)]
  0x00007f35900bd800 JavaThread "C1 CompilerThread2" daemon [_thread_blocked, id=8013, stack(0x00007f357c5cf000,0x00007f357c6d0000)]
  0x00007f35900bb800 JavaThread "C2 CompilerThread1" daemon [_thread_blocked, id=8012, stack(0x00007f357c6d0000,0x00007f357c7d1000)]
  0x00007f35900b8800 JavaThread "C2 CompilerThread0" daemon [_thread_blocked, id=8011, stack(0x00007f357c7d1000,0x00007f357c8d2000)]
  0x00007f35900b7000 JavaThread "Signal Dispatcher" daemon [_thread_blocked, id=8010, stack(0x00007f357c8d2000,0x00007f357c9d3000)]
  0x00007f359007f000 JavaThread "Finalizer" daemon [_thread_blocked, id=8009, stack(0x00007f357cb5c000,0x00007f357cc5d000)]
  0x00007f359007d000 JavaThread "Reference Handler" daemon [_thread_blocked, id=8008, stack(0x00007f357cc5d000,0x00007f357cd5e000)]

Other Threads:
  0x00007f3590077800 VMThread [stack: 0x00007f357cd5e000,0x00007f357ce5f000] [id=8007]
  0x00007f35900c3800 WatcherThread [stack: 0x00007f357c3cd000,0x00007f357c4ce000] [id=8015]

VM state:not at safepoint (normal execution)

VM Mutex/Monitor currently owned by a thread: None

Heap:
 PSYoungGen      total 74752K, used 14193K [0x000000076cb80000, 0x0000000771e80000, 0x00000007c0000000)
  eden space 64512K, 22% used [0x000000076cb80000,0x000000076d95c740,0x0000000770a80000)
  from space 10240K, 0% used [0x0000000771480000,0x0000000771480000,0x0000000771e80000)
  to   space 10240K, 0% used [0x0000000770a80000,0x0000000770a80000,0x0000000771480000)
 ParOldGen       total 171008K, used 0K [0x00000006c6200000, 0x00000006d0900000, 0x000000076cb80000)
  object space 171008K, 0% used [0x00000006c6200000,0x00000006c6200000,0x00000006d0900000)
 Metaspace       used 12085K, capacity 12332K, committed 12672K, reserved 1060864K
  class space    used 1476K, capacity 1557K, committed 1664K, reserved 1048576K

Card table byte_map: [0x00007f357f7f2000,0x00007f357ffc2000] byte_map_base: 0x00007f357c1c1000

Marking Bits: (ParMarkBitMap*) 0x00007f35958b1fc0
 Begin Bits: [0x00007f3560310000, 0x00007f3564188000)
 End Bits:   [0x00007f3564188000, 0x00007f3568000000)

Polling page: 0x00007f35964dc000

CodeCache: size=245760Kb used=2415Kb max_used=2419Kb free=243344Kb
 bounds [0x00007f3580382000, 0x00007f35805f2000, 0x00007f358f382000]
 total_blobs=1191 nmethods=653 adapters=452
 compilation: enabled

Compilation events (10 events):
Event: 3.233 Thread 0x00007f35900bd800  648       1       sun.awt.X11.XBaseWindow::isDisposed (5 bytes)
Event: 3.234 Thread 0x00007f35900bd800 nmethod 648 0x00007f35805d9090 code [0x00007f35805d91e0, 0x00007f35805d92f0]
Event: 3.681 Thread 0x00007f35900bd800  649       1       sun.awt.X11.XBaseWindow::getStateLock (5 bytes)
Event: 3.682 Thread 0x00007f35900bd800 nmethod 649 0x00007f35805de950 code [0x00007f35805deaa0, 0x00007f35805debb0]
Event: 3.697 Thread 0x00007f35900b8800  650       4       sun.util.logging.PlatformLogger$DefaultLoggerProxy::doLog (22 bytes)
Event: 3.700 Thread 0x00007f35900b8800 nmethod 650 0x00007f35805dd050 code [0x00007f35805dd1a0, 0x00007f35805dd2d8]
Event: 3.737 Thread 0x00007f35900bd800  651       3       java.awt.event.InputEvent::getModifiers (8 bytes)
Event: 3.738 Thread 0x00007f35900bd800 nmethod 651 0x00007f35805dcd50 code [0x00007f35805dcea0, 0x00007f35805dcff0]
Event: 3.767 Thread 0x00007f35900bd800  652   !   3       sun.awt.X11.XToolkit::getNextTaskTime (55 bytes)
Event: 3.768 Thread 0x00007f35900bd800 nmethod 652 0x00007f35805def10 code [0x00007f35805df140, 0x00007f35805dfeb8]

GC Heap History (0 events):
No events

Deoptimization events (1 events):
Event: 0.241 Thread 0x00007f3590248800 Uncommon trap: reason=null_check action=make_not_entrant pc=0x00007f35804c5928 method=java.lang.String.equals(Ljava/lang/Object;)Z @ 8

Internal exceptions (10 events):
Event: 0.133 Thread 0x00007f359000a000 Exception <a 'java/lang/NoSuchFieldError': method resolution failed> (0x000000076cf502c0) thrown at [/HUDSON/workspace/8-2-build-linux-amd64/jdk8u71/5731/hotspot/src/share/vm/prims/methodHandles.cpp, line 1146]
Event: 0.137 Thread 0x00007f359000a000 Exception <a 'java/lang/NoSuchFieldError': method resolution failed> (0x000000076cf5da90) thrown at [/HUDSON/workspace/8-2-build-linux-amd64/jdk8u71/5731/hotspot/src/share/vm/prims/methodHandles.cpp, line 1146]
Event: 0.166 Thread 0x00007f359000a000 Exception <a 'java/io/FileNotFoundException'> (0x000000076cfdaba0) thrown at [/HUDSON/workspace/8-2-build-linux-amd64/jdk8u71/5731/hotspot/src/share/vm/prims/jni.cpp, line 709]
Event: 0.167 Thread 0x00007f359000a000 Exception <a 'java/io/FileNotFoundException'> (0x000000076cfdb510) thrown at [/HUDSON/workspace/8-2-build-linux-amd64/jdk8u71/5731/hotspot/src/share/vm/prims/jni.cpp, line 709]
Event: 0.240 Thread 0x00007f3590248800 Implicit null exception at 0x00007f35804c5726 to 0x00007f35804c5919
Event: 0.310 Thread 0x00007f3590248800 Exception <a 'java/io/FileNotFoundException'> (0x000000076d2dd810) thrown at [/HUDSON/workspace/8-2-build-linux-amd64/jdk8u71/5731/hotspot/src/share/vm/prims/jni.cpp, line 709]
Event: 0.313 Thread 0x00007f3590248800 Exception <a 'java/io/FileNotFoundException'> (0x000000076d2e98d0) thrown at [/HUDSON/workspace/8-2-build-linux-amd64/jdk8u71/5731/hotspot/src/share/vm/prims/jni.cpp, line 709]
Event: 0.315 Thread 0x00007f3590248800 Exception <a 'java/io/FileNotFoundException'> (0x000000076d2f6878) thrown at [/HUDSON/workspace/8-2-build-linux-amd64/jdk8u71/5731/hotspot/src/share/vm/prims/jni.cpp, line 709]
Event: 0.317 Thread 0x00007f3590248800 Exception <a 'java/io/FileNotFoundException'> (0x000000076d3024e8) thrown at [/HUDSON/workspace/8-2-build-linux-amd64/jdk8u71/5731/hotspot/src/share/vm/prims/jni.cpp, line 709]
Event: 1.772 Thread 0x00007f3590248800 Exception <a 'java/lang/UnsupportedOperationException': > (0x000000076d728c60) thrown at [/HUDSON/workspace/8-2-build-linux-amd64/jdk8u71/5731/hotspot/src/share/vm/prims/jni.cpp, line 735]

Events (10 events):
Event: 1.890 loading class gnu/io/RXTXPort$SerialOutputStream done
Event: 1.892 loading class java/util/TooManyListenersException
Event: 1.892 loading class java/util/TooManyListenersException done
Event: 1.893 loading class gnu/io/Zystem
Event: 1.893 loading class gnu/io/Zystem done
Event: 1.895 loading class gnu/io/UnSupportedLoggerException
Event: 1.895 loading class gnu/io/UnSupportedLoggerException done
Event: 1.898 loading class gnu/io/RXTXPort$MonitorThread
Event: 1.898 loading class gnu/io/RXTXPort$MonitorThread done
Event: 1.900 Thread 0x00007f35301e4000 Thread added: 0x00007f35301e4000


Dynamic libraries:
00400000-00401000 r-xp 00000000 08:04 395007                             /opt/jdk/jdk1.8.0_71/jre/bin/java
00600000-00601000 rw-p 00000000 08:04 395007                             /opt/jdk/jdk1.8.0_71/jre/bin/java
0140c000-0142d000 rw-p 00000000 00:00 0                                  [heap]
6c6200000-6d0900000 rw-p 00000000 00:00 0 
6d0900000-76cb80000 ---p 00000000 00:00 0 
76cb80000-771e80000 rw-p 00000000 00:00 0 
771e80000-7c0000000 ---p 00000000 00:00 0 
7c0000000-7c01a0000 rw-p 00000000 00:00 0 
7c01a0000-800000000 ---p 00000000 00:00 0 
7f3524000000-7f3524021000 rw-p 00000000 00:00 0 
7f3524021000-7f3528000000 ---p 00000000 00:00 0 
7f3528000000-7f3528021000 rw-p 00000000 00:00 0 
7f3528021000-7f352c000000 ---p 00000000 00:00 0 
7f352c000000-7f352c021000 rw-p 00000000 00:00 0 
7f352c021000-7f3530000000 ---p 00000000 00:00 0 
7f3530000000-7f35303ce000 rw-p 00000000 00:00 0 
7f35303ce000-7f3534000000 ---p 00000000 00:00 0 
7f3534000000-7f3534021000 rw-p 00000000 00:00 0 
7f3534021000-7f3538000000 ---p 00000000 00:00 0 
7f3538000000-7f3538025000 rw-p 00000000 00:00 0 
7f3538025000-7f353c000000 ---p 00000000 00:00 0 
7f353c000000-7f353c021000 rw-p 00000000 00:00 0 
7f353c021000-7f3540000000 ---p 00000000 00:00 0 
7f3540000000-7f3540021000 rw-p 00000000 00:00 0 
7f3540021000-7f3544000000 ---p 00000000 00:00 0 
7f3544000000-7f35440cb000 rw-p 00000000 00:00 0 
7f35440cb000-7f3548000000 ---p 00000000 00:00 0 
7f3548000000-7f3548166000 rw-p 00000000 00:00 0 
7f3548166000-7f354c000000 ---p 00000000 00:00 0 
7f354c000000-7f354c021000 rw-p 00000000 00:00 0 
7f354c021000-7f3550000000 ---p 00000000 00:00 0 
7f3550000000-7f355009e000 rw-p 00000000 00:00 0 
7f355009e000-7f3554000000 ---p 00000000 00:00 0 
7f3554000000-7f3554021000 rw-p 00000000 00:00 0 
7f3554021000-7f3558000000 ---p 00000000 00:00 0 
7f3558000000-7f3558021000 rw-p 00000000 00:00 0 
7f3558021000-7f355c000000 ---p 00000000 00:00 0 
7f355c000000-7f355c021000 rw-p 00000000 00:00 0 
7f355c021000-7f3560000000 ---p 00000000 00:00 0 
7f3560310000-7f3568000000 rw-p 00000000 00:00 0 
7f3568000000-7f3568021000 rw-p 00000000 00:00 0 
7f3568021000-7f356c000000 ---p 00000000 00:00 0 
7f356c000000-7f356c021000 rw-p 00000000 00:00 0 
7f356c021000-7f3570000000 ---p 00000000 00:00 0 
7f3570000000-7f3570021000 rw-p 00000000 00:00 0 
7f3570021000-7f3574000000 ---p 00000000 00:00 0 
7f3574c7e000-7f3574c81000 ---p 00000000 00:00 0 
7f3574c81000-7f3574e3f000 rw-p 00000000 00:00 0                          [stack:8021]
7f3574e3f000-7f3574f7f000 ---p 00000000 00:00 0 
7f3574f7f000-7f3574fa9000 r-xp 00000000 08:04 394973                     /opt/jdk/jdk1.8.0_71/jre/lib/amd64/libdcpr.so
7f3574fa9000-7f35751a9000 ---p 0002a000 08:04 394973                     /opt/jdk/jdk1.8.0_71/jre/lib/amd64/libdcpr.so
7f35751a9000-7f35751ac000 rw-p 0002a000 08:04 394973                     /opt/jdk/jdk1.8.0_71/jre/lib/amd64/libdcpr.so
7f35751ac000-7f35751af000 ---p 00000000 00:00 0 
7f35751af000-7f35752ad000 rw-p 00000000 00:00 0                          [stack:8020]
7f35752ad000-7f3575316000 r-xp 00000000 08:04 394945                     /opt/jdk/jdk1.8.0_71/jre/lib/amd64/libt2k.so
7f3575316000-7f3575516000 ---p 00069000 08:04 394945                     /opt/jdk/jdk1.8.0_71/jre/lib/amd64/libt2k.so
7f3575516000-7f357551d000 rw-p 00069000 08:04 394945                     /opt/jdk/jdk1.8.0_71/jre/lib/amd64/libt2k.so
7f357551d000-7f357552d000 rw-p 00000000 00:00 0 
7f357552d000-7f357553e000 r-xp 00000000 08:04 394988                     /opt/jdk/jdk1.8.0_71/jre/lib/amd64/libnio.so
7f357553e000-7f357573d000 ---p 00011000 08:04 394988                     /opt/jdk/jdk1.8.0_71/jre/lib/amd64/libnio.so
7f357573d000-7f357573e000 rw-p 00010000 08:04 394988                     /opt/jdk/jdk1.8.0_71/jre/lib/amd64/libnio.so
7f357573e000-7f3575a3f000 rw-p 00000000 00:00 0 
7f3575a3f000-7f3575a55000 r-xp 00000000 08:04 394933                     /opt/jdk/jdk1.8.0_71/jre/lib/amd64/libnet.so
7f3575a55000-7f3575c55000 ---p 00016000 08:04 394933                     /opt/jdk/jdk1.8.0_71/jre/lib/amd64/libnet.so
7f3575c55000-7f3575c56000 rw-p 00016000 08:04 394933                     /opt/jdk/jdk1.8.0_71/jre/lib/amd64/libnet.so
7f3575c56000-7f3575e56000 rw-p 00000000 00:00 0 
7f3575e56000-7f3575e62000 r-xp 00000000 08:04 2369518                    /home/ray/Java Libs/rxtx-2.1-7-bins-r2/Linux/x86_64-unknown-linux-gnu/librxtxSerial.so
7f3575e62000-7f3575f61000 ---p 0000c000 08:04 2369518                    /home/ray/Java Libs/rxtx-2.1-7-bins-r2/Linux/x86_64-unknown-linux-gnu/librxtxSerial.so
7f3575f61000-7f3575f63000 rw-p 0000b000 08:04 2369518                    /home/ray/Java Libs/rxtx-2.1-7-bins-r2/Linux/x86_64-unknown-linux-gnu/librxtxSerial.so
7f3575f63000-7f3575f66000 ---p 00000000 00:00 0 
7f3575f66000-7f3576064000 rw-p 00000000 00:00 0                          [stack:8019]
7f3576064000-7f3576067000 ---p 00000000 00:00 0 
7f3576067000-7f3576165000 rw-p 00000000 00:00 0                          [stack:8018]
7f3576165000-7f3576168000 ---p 00000000 00:00 0 
7f3576168000-7f3576266000 rw-p 00000000 00:00 0                          [stack:8017]
7f3576266000-7f357626b000 r-xp 00000000 08:04 2105464                    /usr/lib/x86_64-linux-gnu/libXfixes.so.3.1.0
7f357626b000-7f357646a000 ---p 00005000 08:04 2105464                    /usr/lib/x86_64-linux-gnu/libXfixes.so.3.1.0
7f357646a000-7f357646b000 r--p 00004000 08:04 2105464                    /usr/lib/x86_64-linux-gnu/libXfixes.so.3.1.0
7f357646b000-7f357646c000 rw-p 00005000 08:04 2105464                    /usr/lib/x86_64-linux-gnu/libXfixes.so.3.1.0
7f357646c000-7f3576476000 r-xp 00000000 08:04 2105498                    /usr/lib/x86_64-linux-gnu/libXcursor.so.1.0.2
7f3576476000-7f3576675000 ---p 0000a000 08:04 2105498                    /usr/lib/x86_64-linux-gnu/libXcursor.so.1.0.2
7f3576675000-7f3576676000 r--p 00009000 08:04 2105498                    /usr/lib/x86_64-linux-gnu/libXcursor.so.1.0.2
7f3576676000-7f3576677000 rw-p 0000a000 08:04 2105498                    /usr/lib/x86_64-linux-gnu/libXcursor.so.1.0.2
7f3576677000-7f357667a000 ---p 00000000 00:00 0 
7f357667a000-7f3576778000 rw-p 00000000 00:00 0                          [stack:8016]
7f3576778000-7f357678e000 r-xp 00000000 08:04 3407876                    /lib/x86_64-linux-gnu/libgcc_s.so.1
7f357678e000-7f357698d000 ---p 00016000 08:04 3407876                    /lib/x86_64-linux-gnu/libgcc_s.so.1
7f357698d000-7f357698e000 rw-p 00015000 08:04 3407876                    /lib/x86_64-linux-gnu/libgcc_s.so.1
7f357698e000-7f35769f3000 r-xp 00000000 08:04 394980                     /opt/jdk/jdk1.8.0_71/jre/lib/amd64/libfontmanager.so
7f35769f3000-7f3576bf2000 ---p 00065000 08:04 394980                     /opt/jdk/jdk1.8.0_71/jre/lib/amd64/libfontmanager.so
7f3576bf2000-7f3576bf7000 rw-p 00064000 08:04 394980                     /opt/jdk/jdk1.8.0_71/jre/lib/amd64/libfontmanager.so
7f3576bf7000-7f3576c07000 rw-p 00000000 00:00 0 
7f3576c07000-7f3576c0c000 r-xp 00000000 08:04 2104899                    /usr/lib/x86_64-linux-gnu/libXdmcp.so.6.0.0
7f3576c0c000-7f3576e0b000 ---p 00005000 08:04 2104899                    /usr/lib/x86_64-linux-gnu/libXdmcp.so.6.0.0
7f3576e0b000-7f3576e0c000 rw-p 00004000 08:04 2104899                    /usr/lib/x86_64-linux-gnu/libXdmcp.so.6.0.0
7f3576e0c000-7f3576e0f000 r-xp 00000000 08:04 2104897                    /usr/lib/x86_64-linux-gnu/libXau.so.6.0.0
7f3576e0f000-7f357700e000 ---p 00003000 08:04 2104897                    /usr/lib/x86_64-linux-gnu/libXau.so.6.0.0
7f357700e000-7f357700f000 r--p 00002000 08:04 2104897                    /usr/lib/x86_64-linux-gnu/libXau.so.6.0.0
7f357700f000-7f3577010000 rw-p 00003000 08:04 2104897                    /usr/lib/x86_64-linux-gnu/libXau.so.6.0.0
7f3577010000-7f3577031000 r-xp 00000000 08:04 2104901                    /usr/lib/x86_64-linux-gnu/libxcb.so.1.1.0
7f3577031000-7f3577230000 ---p 00021000 08:04 2104901                    /usr/lib/x86_64-linux-gnu/libxcb.so.1.1.0
7f3577230000-7f3577231000 r--p 00020000 08:04 2104901                    /usr/lib/x86_64-linux-gnu/libxcb.so.1.1.0
7f3577231000-7f3577232000 rw-p 00021000 08:04 2104901                    /usr/lib/x86_64-linux-gnu/libxcb.so.1.1.0
7f3577232000-7f3577241000 r-xp 00000000 08:04 2105500                    /usr/lib/x86_64-linux-gnu/libXi.so.6.1.0
7f3577241000-7f3577440000 ---p 0000f000 08:04 2105500                    /usr/lib/x86_64-linux-gnu/libXi.so.6.1.0
7f3577440000-7f3577441000 r--p 0000e000 08:04 2105500                    /usr/lib/x86_64-linux-gnu/libXi.so.6.1.0
7f3577441000-7f3577442000 rw-p 0000f000 08:04 2105500                    /usr/lib/x86_64-linux-gnu/libXi.so.6.1.0
7f3577442000-7f3577447000 r-xp 00000000 08:04 2106136                    /usr/lib/x86_64-linux-gnu/libXtst.so.6.1.0
7f3577447000-7f3577646000 ---p 00005000 08:04 2106136                    /usr/lib/x86_64-linux-gnu/libXtst.so.6.1.0
7f3577646000-7f3577647000 r--p 00004000 08:04 2106136                    /usr/lib/x86_64-linux-gnu/libXtst.so.6.1.0
7f3577647000-7f3577648000 rw-p 00005000 08:04 2106136                    /usr/lib/x86_64-linux-gnu/libXtst.so.6.1.0
7f3577648000-7f3577651000 r-xp 00000000 08:04 2104912                    /usr/lib/x86_64-linux-gnu/libXrender.so.1.3.0
7f3577651000-7f3577850000 ---p 00009000 08:04 2104912                    /usr/lib/x86_64-linux-gnu/libXrender.so.1.3.0
7f3577850000-7f3577851000 r--p 00008000 08:04 2104912                    /usr/lib/x86_64-linux-gnu/libXrender.so.1.3.0
7f3577851000-7f3577852000 rw-p 00009000 08:04 2104912                    /usr/lib/x86_64-linux-gnu/libXrender.so.1.3.0
7f3577852000-7f357798e000 r-xp 00000000 08:04 2104905                    /usr/lib/x86_64-linux-gnu/libX11.so.6.3.0
7f357798e000-7f3577b8d000 ---p 0013c000 08:04 2104905                    /usr/lib/x86_64-linux-gnu/libX11.so.6.3.0
7f3577b8d000-7f3577b8f000 r--p 0013b000 08:04 2104905                    /usr/lib/x86_64-linux-gnu/libX11.so.6.3.0
7f3577b8f000-7f3577b94000 rw-p 0013d000 08:04 2104905                    /usr/lib/x86_64-linux-gnu/libX11.so.6.3.0
7f3577b94000-7f3577b95000 rw-p 00000000 00:00 0 
7f3577b95000-7f3577ba6000 r-xp 00000000 08:04 2104908                    /usr/lib/x86_64-linux-gnu/libXext.so.6.4.0
7f3577ba6000-7f3577da5000 ---p 00011000 08:04 2104908                    /usr/lib/x86_64-linux-gnu/libXext.so.6.4.0
7f3577da5000-7f3577da6000 r--p 00010000 08:04 2104908                    /usr/lib/x86_64-linux-gnu/libXext.so.6.4.0
7f3577da6000-7f3577da7000 rw-p 00011000 08:04 2104908                    /usr/lib/x86_64-linux-gnu/libXext.so.6.4.0
7f3577da7000-7f3577dfb000 r-xp 00000000 08:04 394955                     /opt/jdk/jdk1.8.0_71/jre/lib/amd64/libawt_xawt.so
7f3577dfb000-7f3577ffb000 ---p 00054000 08:04 394955                     /opt/jdk/jdk1.8.0_71/jre/lib/amd64/libawt_xawt.so
7f3577ffb000-7f3577fff000 rw-p 00054000 08:04 394955                     /opt/jdk/jdk1.8.0_71/jre/lib/amd64/libawt_xawt.so
7f3577fff000-7f3578000000 rw-p 00000000 00:00 0 
7f3578000000-7f3578021000 rw-p 00000000 00:00 0 
7f3578021000-7f357c000000 ---p 00000000 00:00 0 
7f357c0fb000-7f357c19d000 r-xp 00000000 08:04 394938                     /opt/jdk/jdk1.8.0_71/jre/lib/amd64/libawt.so
7f357c19d000-7f357c39d000 ---p 000a2000 08:04 394938                     /opt/jdk/jdk1.8.0_71/jre/lib/amd64/libawt.so
7f357c39d000-7f357c3a9000 rw-p 000a2000 08:04 394938                     /opt/jdk/jdk1.8.0_71/jre/lib/amd64/libawt.so
7f357c3a9000-7f357c3cd000 rw-p 00000000 00:00 0 
7f357c3cd000-7f357c3ce000 ---p 00000000 00:00 0 
7f357c3ce000-7f357c4ce000 rw-p 00000000 00:00 0                          [stack:8015]
7f357c4ce000-7f357c4d1000 ---p 00000000 00:00 0 
7f357c4d1000-7f357c5cf000 rw-p 00000000 00:00 0                          [stack:8014]
7f357c5cf000-7f357c5d2000 ---p 00000000 00:00 0 
7f357c5d2000-7f357c6d0000 rw-p 00000000 00:00 0                          [stack:8013]
7f357c6d0000-7f357c6d3000 ---p 00000000 00:00 0 
7f357c6d3000-7f357c7d1000 rw-p 00000000 00:00 0                          [stack:8012]
7f357c7d1000-7f357c7d4000 ---p 00000000 00:00 0 
7f357c7d4000-7f357c8d2000 rw-p 00000000 00:00 0                          [stack:8011]
7f357c8d2000-7f357c8d5000 ---p 00000000 00:00 0 
7f357c8d5000-7f357c9d3000 rw-p 00000000 00:00 0                          [stack:8010]
7f357c9d3000-7f357cb5c000 r--p 00000000 08:04 2101133                    /usr/lib/locale/locale-archive
7f357cb5c000-7f357cb5f000 ---p 00000000 00:00 0 
7f357cb5f000-7f357cc5d000 rw-p 00000000 00:00 0                          [stack:8009]
7f357cc5d000-7f357cc60000 ---p 00000000 00:00 0 
7f357cc60000-7f357cd5e000 rw-p 00000000 00:00 0                          [stack:8008]
7f357cd5e000-7f357cd5f000 ---p 00000000 00:00 0 
7f357cd5f000-7f357de13000 rw-p 00000000 00:00 0                          [stack:8007]
7f357de13000-7f357dfeb000 r--s 03d23000 08:04 394688                     /opt/jdk/jdk1.8.0_71/jre/lib/rt.jar
7f357dfeb000-7f357efba000 rw-p 00000000 00:00 0 
7f357efba000-7f357efbb000 ---p 00000000 00:00 0 
7f357efbb000-7f357f0bb000 rw-p 00000000 00:00 0                          [stack:8006]
7f357f0bb000-7f357f0bc000 ---p 00000000 00:00 0 
7f357f0bc000-7f357f1bc000 rw-p 00000000 00:00 0                          [stack:8005]
7f357f1bc000-7f357f1bd000 ---p 00000000 00:00 0 
7f357f1bd000-7f357f311000 rw-p 00000000 00:00 0                          [stack:8004]
7f357f311000-7f357f7f2000 ---p 00000000 00:00 0 
7f357f7f2000-7f357f846000 rw-p 00000000 00:00 0 
7f357f846000-7f357fd26000 ---p 00000000 00:00 0 
7f357fd26000-7f357fd51000 rw-p 00000000 00:00 0 
7f357fd51000-7f357ffc1000 ---p 00000000 00:00 0 
7f357ffc1000-7f357ffcc000 rw-p 00000000 00:00 0 
7f357ffcc000-7f3580382000 ---p 00000000 00:00 0 
7f3580382000-7f35805f2000 rwxp 00000000 00:00 0 
7f35805f2000-7f358f382000 ---p 00000000 00:00 0 
7f358f382000-7f358f39c000 r-xp 00000000 08:04 394954                     /opt/jdk/jdk1.8.0_71/jre/lib/amd64/libzip.so
7f358f39c000-7f358f59c000 ---p 0001a000 08:04 394954                     /opt/jdk/jdk1.8.0_71/jre/lib/amd64/libzip.so
7f358f59c000-7f358f59d000 rw-p 0001a000 08:04 394954                     /opt/jdk/jdk1.8.0_71/jre/lib/amd64/libzip.so
7f358f59d000-7f358f5a8000 r-xp 00000000 08:04 3407889                    /lib/x86_64-linux-gnu/libnss_files-2.19.so
7f358f5a8000-7f358f7a7000 ---p 0000b000 08:04 3407889                    /lib/x86_64-linux-gnu/libnss_files-2.19.so
7f358f7a7000-7f358f7a8000 r--p 0000a000 08:04 3407889                    /lib/x86_64-linux-gnu/libnss_files-2.19.so
7f358f7a8000-7f358f7a9000 rw-p 0000b000 08:04 3407889                    /lib/x86_64-linux-gnu/libnss_files-2.19.so
7f358f7a9000-7f358f7b3000 r-xp 00000000 08:04 3407891                    /lib/x86_64-linux-gnu/libnss_nis-2.19.so
7f358f7b3000-7f358f9b2000 ---p 0000a000 08:04 3407891                    /lib/x86_64-linux-gnu/libnss_nis-2.19.so
7f358f9b2000-7f358f9b3000 r--p 00009000 08:04 3407891                    /lib/x86_64-linux-gnu/libnss_nis-2.19.so
7f358f9b3000-7f358f9b4000 rw-p 0000a000 08:04 3407891                    /lib/x86_64-linux-gnu/libnss_nis-2.19.so
7f358f9b4000-7f358f9c9000 r-xp 00000000 08:04 3407886                    /lib/x86_64-linux-gnu/libnsl-2.19.so
7f358f9c9000-7f358fbc8000 ---p 00015000 08:04 3407886                    /lib/x86_64-linux-gnu/libnsl-2.19.so
7f358fbc8000-7f358fbc9000 r--p 00014000 08:04 3407886                    /lib/x86_64-linux-gnu/libnsl-2.19.so
7f358fbc9000-7f358fbca000 rw-p 00015000 08:04 3407886                    /lib/x86_64-linux-gnu/libnsl-2.19.so
7f358fbca000-7f358fbcc000 rw-p 00000000 00:00 0 
7f358fbcc000-7f358fbd3000 r-xp 00000000 08:04 3407887                    /lib/x86_64-linux-gnu/libnss_compat-2.19.so
7f358fbd3000-7f358fdd2000 ---p 00007000 08:04 3407887                    /lib/x86_64-linux-gnu/libnss_compat-2.19.so
7f358fdd2000-7f358fdd3000 r--p 00006000 08:04 3407887                    /lib/x86_64-linux-gnu/libnss_compat-2.19.so
7f358fdd3000-7f358fdd4000 rw-p 00007000 08:04 3407887                    /lib/x86_64-linux-gnu/libnss_compat-2.19.so
7f358fdd4000-7f358fdfe000 r-xp 00000000 08:04 394946                     /opt/jdk/jdk1.8.0_71/jre/lib/amd64/libjava.so
7f358fdfe000-7f358fffe000 ---p 0002a000 08:04 394946                     /opt/jdk/jdk1.8.0_71/jre/lib/amd64/libjava.so
7f358fffe000-7f3590000000 rw-p 0002a000 08:04 394946                     /opt/jdk/jdk1.8.0_71/jre/lib/amd64/libjava.so
7f3590000000-7f359024a000 rw-p 00000000 00:00 0 
7f359024a000-7f3594000000 ---p 00000000 00:00 0 
7f3594013000-7f3594015000 r--s 0000d000 08:04 1582057                    /home/ray/Java Libs/rxtx-2.1-7-bins-r2/RXTXcomm.jar
7f3594015000-7f3594019000 r--s 0002f000 08:04 1581924                    /home/ray/Java Libs/commons-io-2.5/commons-io-2.5.jar
7f3594019000-7f359401f000 r--s 0007c000 08:04 1447648                    /home/ray/Java Libs/bridj-0.6.2-linux-only.jar
7f359401f000-7f35940e4000 rw-p 00000000 00:00 0 
7f35940e4000-7f35940e5000 ---p 00000000 00:00 0 
7f35940e5000-7f35941e5000 rw-p 00000000 00:00 0                          [stack:8003]
7f35941e5000-7f35941f2000 r-xp 00000000 08:04 394937                     /opt/jdk/jdk1.8.0_71/jre/lib/amd64/libverify.so
7f35941f2000-7f35943f2000 ---p 0000d000 08:04 394937                     /opt/jdk/jdk1.8.0_71/jre/lib/amd64/libverify.so
7f35943f2000-7f35943f4000 rw-p 0000d000 08:04 394937                     /opt/jdk/jdk1.8.0_71/jre/lib/amd64/libverify.so
7f35943f4000-7f35943fb000 r-xp 00000000 08:04 3407895                    /lib/x86_64-linux-gnu/librt-2.19.so
7f35943fb000-7f35945fa000 ---p 00007000 08:04 3407895                    /lib/x86_64-linux-gnu/librt-2.19.so
7f35945fa000-7f35945fb000 r--p 00006000 08:04 3407895                    /lib/x86_64-linux-gnu/librt-2.19.so
7f35945fb000-7f35945fc000 rw-p 00007000 08:04 3407895                    /lib/x86_64-linux-gnu/librt-2.19.so
7f35945fc000-7f35946fc000 r-xp 00000000 08:04 3407884                    /lib/x86_64-linux-gnu/libm-2.19.so
7f35946fc000-7f35948fb000 ---p 00100000 08:04 3407884                    /lib/x86_64-linux-gnu/libm-2.19.so
7f35948fb000-7f35948fc000 r--p 000ff000 08:04 3407884                    /lib/x86_64-linux-gnu/libm-2.19.so
7f35948fc000-7f35948fd000 rw-p 00100000 08:04 3407884                    /lib/x86_64-linux-gnu/libm-2.19.so
7f35948fd000-7f35955bc000 r-xp 00000000 08:04 394952                     /opt/jdk/jdk1.8.0_71/jre/lib/amd64/server/libjvm.so
7f35955bc000-7f35957bb000 ---p 00cbf000 08:04 394952                     /opt/jdk/jdk1.8.0_71/jre/lib/amd64/server/libjvm.so
7f35957bb000-7f3595894000 rw-p 00cbe000 08:04 394952                     /opt/jdk/jdk1.8.0_71/jre/lib/amd64/server/libjvm.so
7f3595894000-7f35958dd000 rw-p 00000000 00:00 0 
7f35958dd000-7f3595a7f000 r-xp 00000000 08:04 3407880                    /lib/x86_64-linux-gnu/libc-2.19.so
7f3595a7f000-7f3595c7e000 ---p 001a2000 08:04 3407880                    /lib/x86_64-linux-gnu/libc-2.19.so
7f3595c7e000-7f3595c82000 r--p 001a1000 08:04 3407880                    /lib/x86_64-linux-gnu/libc-2.19.so
7f3595c82000-7f3595c84000 rw-p 001a5000 08:04 3407880                    /lib/x86_64-linux-gnu/libc-2.19.so
7f3595c84000-7f3595c88000 rw-p 00000000 00:00 0 
7f3595c88000-7f3595c8b000 r-xp 00000000 08:04 3407883                    /lib/x86_64-linux-gnu/libdl-2.19.so
7f3595c8b000-7f3595e8a000 ---p 00003000 08:04 3407883                    /lib/x86_64-linux-gnu/libdl-2.19.so
7f3595e8a000-7f3595e8b000 r--p 00002000 08:04 3407883                    /lib/x86_64-linux-gnu/libdl-2.19.so
7f3595e8b000-7f3595e8c000 rw-p 00003000 08:04 3407883                    /lib/x86_64-linux-gnu/libdl-2.19.so
7f3595e8c000-7f3595ea1000 r-xp 00000000 08:04 394984                     /opt/jdk/jdk1.8.0_71/jre/lib/amd64/jli/libjli.so
7f3595ea1000-7f35960a1000 ---p 00015000 08:04 394984                     /opt/jdk/jdk1.8.0_71/jre/lib/amd64/jli/libjli.so
7f35960a1000-7f35960a2000 rw-p 00015000 08:04 394984                     /opt/jdk/jdk1.8.0_71/jre/lib/amd64/jli/libjli.so
7f35960a2000-7f35960ba000 r-xp 00000000 08:04 3407875                    /lib/x86_64-linux-gnu/libpthread-2.19.so
7f35960ba000-7f35962b9000 ---p 00018000 08:04 3407875                    /lib/x86_64-linux-gnu/libpthread-2.19.so
7f35962b9000-7f35962ba000 r--p 00017000 08:04 3407875                    /lib/x86_64-linux-gnu/libpthread-2.19.so
7f35962ba000-7f35962bb000 rw-p 00018000 08:04 3407875                    /lib/x86_64-linux-gnu/libpthread-2.19.so
7f35962bb000-7f35962bf000 rw-p 00000000 00:00 0 
7f35962bf000-7f35962df000 r-xp 00000000 08:04 3407877                    /lib/x86_64-linux-gnu/ld-2.19.so
7f35962df000-7f35962e4000 r--s 00048000 08:04 2636286                    /home/ray/opencv-3.1.0/build/bin/opencv-310.jar
7f35962e4000-7f35962e6000 r--s 00009000 08:04 1577872                    /home/ray/Java Libs/sl4j/slf4j-1.7.21/slf4j-api-1.7.21.jar
7f35962e6000-7f35962ea000 r--s 00060000 08:04 1449993                    /home/ray/Java Libs/webcam-capture/webcam-capture-0.3.10.jar
7f35962ea000-7f35963bc000 rw-p 00000000 00:00 0 
7f35963bc000-7f35963bf000 ---p 00000000 00:00 0 
7f35963bf000-7f35964c2000 rw-p 00000000 00:00 0                          [stack:8002]
7f35964c2000-7f35964d3000 r--s 000f8000 08:04 1449920                    /home/ray/Java Libs/jcodec-0.1.6-3.jar
7f35964d3000-7f35964db000 rw-s 00000000 08:04 1182191                    /tmp/hsperfdata_ray/7997
7f35964db000-7f35964dc000 rw-p 00000000 00:00 0 
7f35964dc000-7f35964dd000 r--p 00000000 00:00 0 
7f35964dd000-7f35964df000 rw-p 00000000 00:00 0 
7f35964df000-7f35964e0000 r--p 00020000 08:04 3407877                    /lib/x86_64-linux-gnu/ld-2.19.so
7f35964e0000-7f35964e1000 rw-p 00021000 08:04 3407877                    /lib/x86_64-linux-gnu/ld-2.19.so
7f35964e1000-7f35964e2000 rw-p 00000000 00:00 0 
7fff54416000-7fff54437000 rw-p 00000000 00:00 0                          [stack]
7fff544dc000-7fff544de000 r-xp 00000000 00:00 0                          [vdso]
7fff544de000-7fff544e0000 r--p 00000000 00:00 0                          [vvar]
ffffffffff600000-ffffffffff601000 r-xp 00000000 00:00 0                  [vsyscall]

VM Arguments:
jvm_args: -Djava.library.path=/home/ray/opencv-3.1.0/build/lib:/home/ray/Java Libs/rxtx-2.1-7-bins-r2/Linux/x86_64-unknown-linux-gnu -Dfile.encoding=UTF-8 
java_command: GUI.VideoRecorderGUI
java_class_path (initial): /home/ray/workspaceMars/FlyWalkRamLab/bin:/home/ray/Java Libs/jcodec-0.1.6-3.jar:/home/ray/Java Libs/webcam-capture/webcam-capture-0.3.10.jar:/home/ray/Java Libs/sl4j/slf4j-1.7.21/slf4j-api-1.7.21.jar:/home/ray/Java Libs/bridj-0.6.2-linux-only.jar:/home/ray/opencv-3.1.0/build/bin/opencv-310.jar:/home/ray/Java Libs/commons-io-2.5/commons-io-2.5.jar:/home/ray/Java Libs/rxtx-2.1-7-bins-r2/RXTXcomm.jar:/home/ray/workspaceMars/FlyWalkRamLab/jgoodies-forms-1.8.0.jar
Launcher Type: SUN_STANDARD

Environment Variables:
PATH=/usr/local/bin:/usr/bin:/bin:/usr/local/games:/usr/games
USERNAME=ray
SHELL=/bin/bash
DISPLAY=:0.0

Signal Handlers:
SIGSEGV: [libjvm.so+0xabafa0], sa_mask[0]=11111111011111111101111111111110, sa_flags=SA_RESTART|SA_SIGINFO
SIGBUS: [libjvm.so+0xabafa0], sa_mask[0]=11111111011111111101111111111110, sa_flags=SA_RESTART|SA_SIGINFO
SIGFPE: [libjvm.so+0x9183c0], sa_mask[0]=11111111011111111101111111111110, sa_flags=SA_RESTART|SA_SIGINFO
SIGPIPE: [libjvm.so+0x9183c0], sa_mask[0]=11111111011111111101111111111110, sa_flags=SA_RESTART|SA_SIGINFO
SIGXFSZ: [libjvm.so+0x9183c0], sa_mask[0]=11111111011111111101111111111110, sa_flags=SA_RESTART|SA_SIGINFO
SIGILL: [libjvm.so+0x9183c0], sa_mask[0]=11111111011111111101111111111110, sa_flags=SA_RESTART|SA_SIGINFO
SIGUSR1: SIG_DFL, sa_mask[0]=00000000000000000000000000000000, sa_flags=none
SIGUSR2: [libjvm.so+0x9199f0], sa_mask[0]=00100000000000000000000000000000, sa_flags=SA_RESTART|SA_SIGINFO
SIGHUP: [libjvm.so+0x91adf0], sa_mask[0]=11111111011111111101111111111110, sa_flags=SA_RESTART|SA_SIGINFO
SIGINT: [libjvm.so+0x91adf0], sa_mask[0]=11111111011111111101111111111110, sa_flags=SA_RESTART|SA_SIGINFO
SIGTERM: [libjvm.so+0x91adf0], sa_mask[0]=11111111011111111101111111111110, sa_flags=SA_RESTART|SA_SIGINFO
SIGQUIT: [libjvm.so+0x91adf0], sa_mask[0]=11111111011111111101111111111110, sa_flags=SA_RESTART|SA_SIGINFO


---------------  S Y S T E M  ---------------

OS:PRETTY_NAME="Debian GNU/Linux 8 (jessie)"
NAME="Debian GNU/Linux"
VERSION_ID="8"
VERSION="8 (jessie)"
ID=debian
HOME_URL="http://www.debian.org/"
SUPPORT_URL="http://www.debian.org/support"
BUG_REPORT_URL="https://bugs.debian.org/"

uname:Linux 3.16.0-4-amd64 #1 SMP Debian 3.16.7-ckt25-2+deb8u3 (2016-07-02) x86_64
libc:glibc 2.19 NPTL 2.19 
rlimit: STACK 8192k, CORE 0k, NPROC 63414, NOFILE 65536, AS infinity
load average:0.17 0.37 0.50

/proc/meminfo:
MemTotal:       16373520 kB
MemFree:        10497128 kB
MemAvailable:   11941144 kB
Buffers:          127220 kB
Cached:          1808304 kB
SwapCached:            0 kB
Active:          4427892 kB
Inactive:        1178096 kB
Active(anon):    3673436 kB
Inactive(anon):   372944 kB
Active(file):     754456 kB
Inactive(file):   805152 kB
Unevictable:          32 kB
Mlocked:              32 kB
SwapTotal:             0 kB
SwapFree:              0 kB
Dirty:               212 kB
Writeback:             0 kB
AnonPages:       3670556 kB
Mapped:           518668 kB
Shmem:            375920 kB
Slab:             146160 kB
SReclaimable:     106684 kB
SUnreclaim:        39476 kB
KernelStack:       10848 kB
PageTables:        50248 kB
NFS_Unstable:          0 kB
Bounce:                0 kB
WritebackTmp:          0 kB
CommitLimit:     8186760 kB
Committed_AS:   11144500 kB
VmallocTotal:   34359738367 kB
VmallocUsed:      464544 kB
VmallocChunk:   34359199964 kB
HardwareCorrupted:     0 kB
AnonHugePages:         0 kB
HugePages_Total:       0
HugePages_Free:        0
HugePages_Rsvd:        0
HugePages_Surp:        0
Hugepagesize:       2048 kB
DirectMap4k:       51832 kB
DirectMap2M:    16629760 kB


CPU:total 4 (2 cores per cpu, 2 threads per core) family 6 model 58 stepping 9, cmov, cx8, fxsr, mmx, sse, sse2, sse3, ssse3, sse4.1, sse4.2, popcnt, avx, aes, clmul, erms, ht, tsc, tscinvbit, tscinv

/proc/cpuinfo:
processor	: 0
vendor_id	: GenuineIntel
cpu family	: 6
model		: 58
model name	: Intel(R) Core(TM) i5-3210M CPU @ 2.50GHz
stepping	: 9
microcode	: 0x15
cpu MHz		: 1467.675
cache size	: 3072 KB
physical id	: 0
siblings	: 4
core id		: 0
cpu cores	: 2
apicid		: 0
initial apicid	: 0
fpu		: yes
fpu_exception	: yes
cpuid level	: 13
wp		: yes
flags		: fpu vme de pse tsc msr pae mce cx8 apic sep mtrr pge mca cmov pat pse36 clflush dts acpi mmx fxsr sse sse2 ss ht tm pbe syscall nx rdtscp lm constant_tsc arch_perfmon pebs bts rep_good nopl xtopology nonstop_tsc aperfmperf eagerfpu pni pclmulqdq dtes64 monitor ds_cpl vmx est tm2 ssse3 cx16 xtpr pdcm pcid sse4_1 sse4_2 x2apic popcnt tsc_deadline_timer aes xsave avx f16c rdrand lahf_lm ida arat xsaveopt pln pts dtherm tpr_shadow vnmi flexpriority ept vpid fsgsbase smep erms
bogomips	: 4988.30
clflush size	: 64
cache_alignment	: 64
address sizes	: 36 bits physical, 48 bits virtual
power management:

processor	: 1
vendor_id	: GenuineIntel
cpu family	: 6
model		: 58
model name	: Intel(R) Core(TM) i5-3210M CPU @ 2.50GHz
stepping	: 9
microcode	: 0x15
cpu MHz		: 1352.832
cache size	: 3072 KB
physical id	: 0
siblings	: 4
core id		: 1
cpu cores	: 2
apicid		: 2
initial apicid	: 2
fpu		: yes
fpu_exception	: yes
cpuid level	: 13
wp		: yes
flags		: fpu vme de pse tsc msr pae mce cx8 apic sep mtrr pge mca cmov pat pse36 clflush dts acpi mmx fxsr sse sse2 ss ht tm pbe syscall nx rdtscp lm constant_tsc arch_perfmon pebs bts rep_good nopl xtopology nonstop_tsc aperfmperf eagerfpu pni pclmulqdq dtes64 monitor ds_cpl vmx est tm2 ssse3 cx16 xtpr pdcm pcid sse4_1 sse4_2 x2apic popcnt tsc_deadline_timer aes xsave avx f16c rdrand lahf_lm ida arat xsaveopt pln pts dtherm tpr_shadow vnmi flexpriority ept vpid fsgsbase smep erms
bogomips	: 4988.30
clflush size	: 64
cache_alignment	: 64
address sizes	: 36 bits physical, 48 bits virtual
power management:

processor	: 2
vendor_id	: GenuineIntel
cpu family	: 6
model		: 58
model name	: Intel(R) Core(TM) i5-3210M CPU @ 2.50GHz
stepping	: 9
microcode	: 0x15
cpu MHz		: 1399.707
cache size	: 3072 KB
physical id	: 0
siblings	: 4
core id		: 0
cpu cores	: 2
apicid		: 1
initial apicid	: 1
fpu		: yes
fpu_exception	: yes
cpuid level	: 13
wp		: yes
flags		: fpu vme de pse tsc msr pae mce cx8 apic sep mtrr pge mca cmov pat pse36 clflush dts acpi mmx fxsr sse sse2 ss ht tm pbe syscall nx rdtscp lm constant_tsc arch_perfmon pebs bts rep_good nopl xtopology nonstop_tsc aperfmperf eagerfpu pni pclmulqdq dtes64 monitor ds_cpl vmx est tm2 ssse3 cx16 xtpr pdcm pcid sse4_1 sse4_2 x2apic popcnt tsc_deadline_timer aes xsave avx f16c rdrand lahf_lm ida arat xsaveopt pln pts dtherm tpr_shadow vnmi flexpriority ept vpid fsgsbase smep erms
bogomips	: 4988.30
clflush size	: 64
cache_alignment	: 64
address sizes	: 36 bits physical, 48 bits virtual
power management:

processor	: 3
vendor_id	: GenuineIntel
cpu family	: 6
model		: 58
model name	: Intel(R) Core(TM) i5-3210M CPU @ 2.50GHz
stepping	: 9
microcode	: 0x15
cpu MHz		: 1390.527
cache size	: 3072 KB
physical id	: 0
siblings	: 4
core id		: 1
cpu cores	: 2
apicid		: 3
initial apicid	: 3
fpu		: yes
fpu_exception	: yes
cpuid level	: 13
wp		: yes
flags		: fpu vme de pse tsc msr pae mce cx8 apic sep mtrr pge mca cmov pat pse36 clflush dts acpi mmx fxsr sse sse2 ss ht tm pbe syscall nx rdtscp lm constant_tsc arch_perfmon pebs bts rep_good nopl xtopology nonstop_tsc aperfmperf eagerfpu pni pclmulqdq dtes64 monitor ds_cpl vmx est tm2 ssse3 cx16 xtpr pdcm pcid sse4_1 sse4_2 x2apic popcnt tsc_deadline_timer aes xsave avx f16c rdrand lahf_lm ida arat xsaveopt pln pts dtherm tpr_shadow vnmi flexpriority ept vpid fsgsbase smep erms
bogomips	: 4988.30
clflush size	: 64
cache_alignment	: 64
address sizes	: 36 bits physical, 48 bits virtual
power management:



Memory: 4k page, physical 16373520k(10497128k free), swap 0k(0k free)

vm_info: Java HotSpot(TM) 64-Bit Server VM (25.71-b15) for linux-amd64 JRE (1.8.0_71-b15), built on Dec 22 2015 18:21:33 by "java_re" with gcc 4.3.0 20080428 (Red Hat 4.3.0-8)

time: Wed Sep  7 17:15:47 2016
elapsed time: 3 seconds (0d 0h 0m 3s)

