#
# A fatal error has been detected by the Java Runtime Environment:
#
#  SIGSEGV (0xb) at pc=0x00007fef65e5c462, pid=7970, tid=140666185594624
#
# JRE version: Java(TM) SE Runtime Environment (8.0_71-b15) (build 1.8.0_71-b15)
# Java VM: Java HotSpot(TM) 64-Bit Server VM (25.71-b15 mixed mode linux-amd64 compressed oops)
# Problematic frame:
# C  [librxtxSerial.so+0x6462]  read_byte_array+0x52
#
# Failed to write core dump. Core dumps have been disabled. To enable core dumping, try "ulimit -c unlimited" before starting Java again
#
# If you would like to submit a bug report, please visit:
#   http://bugreport.java.com/bugreport/crash.jsp
# The crash happened outside the Java Virtual Machine in native code.
# See problematic frame for where to report the bug.
#

---------------  T H R E A D  ---------------

Current thread (0x00007fef80206000):  JavaThread "AWT-EventQueue-0" [_thread_in_native, id=7993, stack(0x00007fef65f63000,0x00007fef66064000)]

siginfo: si_signo: 11 (SIGSEGV), si_code: 1 (SEGV_MAPERR), si_addr: 0x0000000064d7d7d8

Registers:
RAX=0x0000000064d7d7d0, RBX=0x0000000000000011, RCX=0x0000000000000001, RDX=0x00007fef8587bf90
RSP=0x00007fef660601b0, RBP=0x00007fef802061f8, RSI=0x00007fef65e5fe30, RDI=0x00007fef65e5fd3e
R8 =0x000000000000000c, R9 =0x000000076d763ea0, R10=0x000000000000000a, R11=0x00007fef85880508
R12=0x00000000ffffffff, R13=0x0000000000000000, R14=0x00007fef66060378, R15=0x00007fef80206000
RIP=0x00007fef65e5c462, EFLAGS=0x0000000000010202, CSGSFS=0x0000000000000033, ERR=0x0000000000000004
  TRAPNO=0x000000000000000e

Top of Stack: (sp=0x00007fef660601b0)
0x00007fef660601b0:   00007fef65e56ed0 00007fef1409ee20
0x00007fef660601c0:   00007fef65e5fce8 00000007c0104aa8
0x00007fef660601d0:   00007fef80206000 0000000064d7d7d0
0x00007fef660601e0:   00000007c0104aa8 0000000000000000
0x00007fef660601f0:   0000000000000000 0000000184fb093f
0x00007fef66060200:   00007fef660602f7 0000001166060240
0x00007fef66060210:   00007fef65e5fe6b 00007fef65f62830
0x00007fef66060220:   0000000000000000 00007fef6e3fb710
0x00007fef66060230:   00007fef66060378 00007fef80206000
0x00007fef66060240:   00007fef802061f8 00007fef8629adc7
0x00007fef66060250:   00007fef00000005 0000000000000000
0x00007fef66060260:   00007fef80206000 00007fef65e56ed0
0x00007fef66060270:   0000000000000011 00007fef802061f8
0x00007fef66060280:   0000000000000000 00007fef862a12e5
0x00007fef66060290:   ffffffffffffffff 00007fef660602f7
0x00007fef660602a0:   0000000000000011 0000000000000011
0x00007fef660602b0:   00007fef802061f8 0000000000000000
0x00007fef660602c0:   00007fef6e3fb710 00007fef66060378
0x00007fef660602d0:   00007fef80206000 00007fef65e5c99c
0x00007fef660602e0:   0000000000000000 00007fef66060378
0x00007fef660602f0:   00007fef66060358 00007fef6e3fb718
0x00007fef66060300:   00007fef66060358 00007fef70397994
0x00007fef66060310:   00007fef703976e2 00007fef66060318
0x00007fef66060320:   00007fef6e3fb710 00007fef66060378
0x00007fef66060330:   00007fef6e72c048 0000000000000000
0x00007fef66060340:   00007fef6e3fb718 0000000000000000
0x00007fef66060350:   00007fef66060378 00007fef660603d0
0x00007fef66060360:   00007fef70389690 0000000000000000
0x00007fef66060370:   00007fef70391576 000000076d763ea0
0x00007fef66060380:   00007fef802067d8 000000076d764390
0x00007fef66060390:   00007fef66060380 00007fef6e72b165
0x00007fef660603a0:   00007fef660603f8 00007fef6e72e5b0 

Instructions: (pc=0x00007fef65e5c462)
0x00007fef65e5c442:   89 44 24 4c 48 c7 44 24 40 00 00 00 00 48 c7 44
0x00007fef65e5c452:   24 38 00 00 00 00 e8 53 d7 ff ff 48 89 44 24 28
0x00007fef65e5c462:   8b 40 08 45 85 e4 48 8b 54 24 28 44 8b 7c 24 4c
0x00007fef65e5c472:   89 44 24 34 c7 42 08 00 00 00 00 78 0c 31 c0 e8 

Register to memory mapping:

RAX=0x0000000064d7d7d0 is an unknown value
RBX=0x0000000000000011 is an unknown value
RCX=0x0000000000000001 is an unknown value
RDX=0x00007fef8587bf90: <offset 0xfb0f90> in /opt/jdk/jdk1.8.0_71/jre/lib/amd64/server/libjvm.so at 0x00007fef848cb000
RSP=0x00007fef660601b0 is pointing into the stack for thread: 0x00007fef80206000
RBP=0x00007fef802061f8 is an unknown value
RSI=0x00007fef65e5fe30: <offset 0x9e30> in /home/ray/Java Libs/rxtx-2.1-7-bins-r2/Linux/x86_64-unknown-linux-gnu/librxtxSerial.so at 0x00007fef65e56000
RDI=0x00007fef65e5fd3e: <offset 0x9d3e> in /home/ray/Java Libs/rxtx-2.1-7-bins-r2/Linux/x86_64-unknown-linux-gnu/librxtxSerial.so at 0x00007fef65e56000
R8 =0x000000000000000c is an unknown value
R9 =0x000000076d763ea0 is an oop
gnu.io.RXTXPort 
 - klass: 'gnu/io/RXTXPort'
R10=0x000000000000000a is an unknown value
R11=0x00007fef85880508: <offset 0xfb5508> in /opt/jdk/jdk1.8.0_71/jre/lib/amd64/server/libjvm.so at 0x00007fef848cb000
R12=0x00000000ffffffff is an unknown value
R13=0x0000000000000000 is an unknown value
R14=0x00007fef66060378 is pointing into the stack for thread: 0x00007fef80206000
R15=0x00007fef80206000 is a thread


Stack: [0x00007fef65f63000,0x00007fef66064000],  sp=0x00007fef660601b0,  free space=1012k
Native frames: (J=compiled Java code, j=interpreted, Vv=VM code, C=native code)
C  [librxtxSerial.so+0x6462]  read_byte_array+0x52

Java frames: (J=compiled Java code, j=interpreted, Vv=VM code)
j  gnu.io.RXTXPort.readByte()I+0
j  gnu.io.RXTXPort$SerialInputStream.read()I+61
j  GUI.VideoRecorderGUI$3.actionPerformed(Ljava/awt/event/ActionEvent;)V+95
j  javax.swing.AbstractButton.fireActionPerformed(Ljava/awt/event/ActionEvent;)V+83
j  javax.swing.AbstractButton$Handler.actionPerformed(Ljava/awt/event/ActionEvent;)V+5
j  javax.swing.DefaultButtonModel.fireActionPerformed(Ljava/awt/event/ActionEvent;)V+34
j  javax.swing.DefaultButtonModel.setPressed(Z)V+117
j  javax.swing.plaf.basic.BasicButtonListener.mouseReleased(Ljava/awt/event/MouseEvent;)V+35
j  java.awt.Component.processMouseEvent(Ljava/awt/event/MouseEvent;)V+64
j  javax.swing.JComponent.processMouseEvent(Ljava/awt/event/MouseEvent;)V+23
j  java.awt.Component.processEvent(Ljava/awt/AWTEvent;)V+81
j  java.awt.Container.processEvent(Ljava/awt/AWTEvent;)V+18
j  java.awt.Component.dispatchEventImpl(Ljava/awt/AWTEvent;)V+589
j  java.awt.Container.dispatchEventImpl(Ljava/awt/AWTEvent;)V+42
j  java.awt.Component.dispatchEvent(Ljava/awt/AWTEvent;)V+2
j  java.awt.LightweightDispatcher.retargetMouseEvent(Ljava/awt/Component;ILjava/awt/event/MouseEvent;)V+327
j  java.awt.LightweightDispatcher.processMouseEvent(Ljava/awt/event/MouseEvent;)Z+155
j  java.awt.LightweightDispatcher.dispatchEvent(Ljava/awt/AWTEvent;)Z+50
j  java.awt.Container.dispatchEventImpl(Ljava/awt/AWTEvent;)V+12
j  java.awt.Window.dispatchEventImpl(Ljava/awt/AWTEvent;)V+19
j  java.awt.Component.dispatchEvent(Ljava/awt/AWTEvent;)V+2
j  java.awt.EventQueue.dispatchEventImpl(Ljava/awt/AWTEvent;Ljava/lang/Object;)V+41
j  java.awt.EventQueue.access$500(Ljava/awt/EventQueue;Ljava/awt/AWTEvent;Ljava/lang/Object;)V+3
j  java.awt.EventQueue$3.run()Ljava/lang/Void;+32
j  java.awt.EventQueue$3.run()Ljava/lang/Object;+1
v  ~StubRoutines::call_stub
J 692  java.security.AccessController.doPrivileged(Ljava/security/PrivilegedAction;Ljava/security/AccessControlContext;)Ljava/lang/Object; (0 bytes) @ 0x00007fef705f7de3 [0x00007fef705f7d80+0x63]
J 693 C1 java.security.ProtectionDomain$JavaSecurityAccessImpl.doIntersectionPrivilege(Ljava/security/PrivilegedAction;Ljava/security/AccessControlContext;Ljava/security/AccessControlContext;)Ljava/lang/Object; (22 bytes) @ 0x00007fef705f861c [0x00007fef705f81a0+0x47c]
j  java.security.ProtectionDomain$JavaSecurityAccessImpl.doIntersectionPrivilege(Ljava/security/PrivilegedAction;Ljava/security/AccessControlContext;)Ljava/lang/Object;+6
j  java.awt.EventQueue$4.run()Ljava/lang/Void;+11
j  java.awt.EventQueue$4.run()Ljava/lang/Object;+1
v  ~StubRoutines::call_stub
J 692  java.security.AccessController.doPrivileged(Ljava/security/PrivilegedAction;Ljava/security/AccessControlContext;)Ljava/lang/Object; (0 bytes) @ 0x00007fef705f7de3 [0x00007fef705f7d80+0x63]
J 693 C1 java.security.ProtectionDomain$JavaSecurityAccessImpl.doIntersectionPrivilege(Ljava/security/PrivilegedAction;Ljava/security/AccessControlContext;Ljava/security/AccessControlContext;)Ljava/lang/Object; (22 bytes) @ 0x00007fef705f861c [0x00007fef705f81a0+0x47c]
j  java.awt.EventQueue.dispatchEvent(Ljava/awt/AWTEvent;)V+73
j  java.awt.EventDispatchThread.pumpOneEventForFilters(I)V+245
j  java.awt.EventDispatchThread.pumpEventsForFilter(ILjava/awt/Conditional;Ljava/awt/EventFilter;)V+35
j  java.awt.EventDispatchThread.pumpEventsForHierarchy(ILjava/awt/Conditional;Ljava/awt/Component;)V+11
j  java.awt.EventDispatchThread.pumpEvents(ILjava/awt/Conditional;)V+4
j  java.awt.EventDispatchThread.pumpEvents(Ljava/awt/Conditional;)V+3
j  java.awt.EventDispatchThread.run()V+9
v  ~StubRoutines::call_stub

---------------  P R O C E S S  ---------------

Java Threads: ( => current thread )
  0x00007fef14200000 JavaThread "Thread-1" [_thread_in_native, id=7995, stack(0x00007fef64c7e000,0x00007fef64d7f000)]
  0x00007fef140f1800 JavaThread "TimerQueue" daemon [_thread_blocked, id=7994, stack(0x00007fef651ac000,0x00007fef652ad000)]
  0x00007fef8000a000 JavaThread "DestroyJavaVM" [_thread_blocked, id=7974, stack(0x00007fef8638a000,0x00007fef8648b000)]
=>0x00007fef80206000 JavaThread "AWT-EventQueue-0" [_thread_in_native, id=7993, stack(0x00007fef65f63000,0x00007fef66064000)]
  0x00007fef80204800 JavaThread "AWT-Shutdown" [_thread_blocked, id=7992, stack(0x00007fef66064000,0x00007fef66165000)]
  0x00007fef80200000 JavaThread "AWT-XAWT" daemon [_thread_in_native, id=7991, stack(0x00007fef66165000,0x00007fef66266000)]
  0x00007fef801dc800 JavaThread "Java2D Disposer" daemon [_thread_blocked, id=7990, stack(0x00007fef66677000,0x00007fef66778000)]
  0x00007fef800be000 JavaThread "Service Thread" daemon [_thread_blocked, id=7988, stack(0x00007fef6c4a0000,0x00007fef6c5a1000)]
  0x00007fef800bb000 JavaThread "C1 CompilerThread2" daemon [_thread_blocked, id=7987, stack(0x00007fef6c5a1000,0x00007fef6c6a2000)]
  0x00007fef800b9000 JavaThread "C2 CompilerThread1" daemon [_thread_blocked, id=7986, stack(0x00007fef6c6a2000,0x00007fef6c7a3000)]
  0x00007fef800b6800 JavaThread "C2 CompilerThread0" daemon [_thread_blocked, id=7985, stack(0x00007fef6c7a3000,0x00007fef6c8a4000)]
  0x00007fef800b5000 JavaThread "Signal Dispatcher" daemon [_thread_blocked, id=7984, stack(0x00007fef6c8a4000,0x00007fef6c9a5000)]
  0x00007fef8007f000 JavaThread "Finalizer" daemon [_thread_blocked, id=7983, stack(0x00007fef6cb2e000,0x00007fef6cc2f000)]
  0x00007fef8007d000 JavaThread "Reference Handler" daemon [_thread_blocked, id=7982, stack(0x00007fef6cc2f000,0x00007fef6cd30000)]

Other Threads:
  0x00007fef80077800 VMThread [stack: 0x00007fef6cd30000,0x00007fef6ce31000] [id=7981]
  0x00007fef800c1000 WatcherThread [stack: 0x00007fef6c39f000,0x00007fef6c4a0000] [id=7989]

VM state:not at safepoint (normal execution)

VM Mutex/Monitor currently owned by a thread: None

Heap:
 PSYoungGen      total 74752K, used 14193K [0x000000076cb80000, 0x0000000771e80000, 0x00000007c0000000)
  eden space 64512K, 22% used [0x000000076cb80000,0x000000076d95c608,0x0000000770a80000)
  from space 10240K, 0% used [0x0000000771480000,0x0000000771480000,0x0000000771e80000)
  to   space 10240K, 0% used [0x0000000770a80000,0x0000000770a80000,0x0000000771480000)
 ParOldGen       total 171008K, used 0K [0x00000006c6200000, 0x00000006d0900000, 0x000000076cb80000)
  object space 171008K, 0% used [0x00000006c6200000,0x00000006c6200000,0x00000006d0900000)
 Metaspace       used 12204K, capacity 12400K, committed 12672K, reserved 1060864K
  class space    used 1473K, capacity 1557K, committed 1664K, reserved 1048576K

Card table byte_map: [0x00007fef6f7f2000,0x00007fef6ffc2000] byte_map_base: 0x00007fef6c1c1000

Marking Bits: (ParMarkBitMap*) 0x00007fef8587ffc0
 Begin Bits: [0x00007fef48310000, 0x00007fef4c188000)
 End Bits:   [0x00007fef4c188000, 0x00007fef50000000)

Polling page: 0x00007fef864aa000

CodeCache: size=245760Kb used=2692Kb max_used=2701Kb free=243067Kb
 bounds [0x00007fef70382000, 0x00007fef70632000, 0x00007fef7f382000]
 total_blobs=1320 nmethods=782 adapters=452
 compilation: enabled

Compilation events (10 events):
Event: 4.544 Thread 0x00007fef800bb000  778       3       java.awt.event.ComponentEvent::<init> (7 bytes)
Event: 4.544 Thread 0x00007fef800bb000 nmethod 778 0x00007fef70623a50 code [0x00007fef70623bc0, 0x00007fef70623d48]
Event: 4.545 Thread 0x00007fef800b6800  779       4       java.util.concurrent.ConcurrentHashMap::setTabAt (19 bytes)
Event: 4.547 Thread 0x00007fef800b6800 nmethod 779 0x00007fef705fd6d0 code [0x00007fef705fd800, 0x00007fef705fd878]
Event: 4.547 Thread 0x00007fef800bb000  780       1       java.security.ProtectionDomain::getCodeSource (5 bytes)
Event: 4.547 Thread 0x00007fef800bb000 nmethod 780 0x00007fef70626790 code [0x00007fef706268e0, 0x00007fef706269f0]
Event: 4.553 Thread 0x00007fef800bb000  781       3       java.util.BitSet::wordIndex (5 bytes)
Event: 4.553 Thread 0x00007fef800bb000 nmethod 781 0x00007fef70626490 code [0x00007fef706265e0, 0x00007fef70626710]
Event: 4.553 Thread 0x00007fef800bb000  782       3       java.util.BitSet::checkInvariants (111 bytes)
Event: 4.553 Thread 0x00007fef800bb000 nmethod 782 0x00007fef70626110 code [0x00007fef70626280, 0x00007fef70626410]

GC Heap History (0 events):
No events

Deoptimization events (1 events):
Event: 0.290 Thread 0x00007fef80206000 Uncommon trap: reason=null_check action=make_not_entrant pc=0x00007fef704d3f28 method=java.lang.String.equals(Ljava/lang/Object;)Z @ 8

Internal exceptions (10 events):
Event: 0.170 Thread 0x00007fef8000a000 Exception <a 'java/lang/NoSuchFieldError': method resolution failed> (0x000000076cf4ffe8) thrown at [/HUDSON/workspace/8-2-build-linux-amd64/jdk8u71/5731/hotspot/src/share/vm/prims/methodHandles.cpp, line 1146]
Event: 0.174 Thread 0x00007fef8000a000 Exception <a 'java/lang/NoSuchFieldError': method resolution failed> (0x000000076cf5d7b8) thrown at [/HUDSON/workspace/8-2-build-linux-amd64/jdk8u71/5731/hotspot/src/share/vm/prims/methodHandles.cpp, line 1146]
Event: 0.213 Thread 0x00007fef8000a000 Exception <a 'java/io/FileNotFoundException'> (0x000000076cfda8c8) thrown at [/HUDSON/workspace/8-2-build-linux-amd64/jdk8u71/5731/hotspot/src/share/vm/prims/jni.cpp, line 709]
Event: 0.213 Thread 0x00007fef8000a000 Exception <a 'java/io/FileNotFoundException'> (0x000000076cfdb238) thrown at [/HUDSON/workspace/8-2-build-linux-amd64/jdk8u71/5731/hotspot/src/share/vm/prims/jni.cpp, line 709]
Event: 0.290 Thread 0x00007fef80206000 Implicit null exception at 0x00007fef704d3d26 to 0x00007fef704d3f19
Event: 0.365 Thread 0x00007fef80206000 Exception <a 'java/io/FileNotFoundException'> (0x000000076d2dd788) thrown at [/HUDSON/workspace/8-2-build-linux-amd64/jdk8u71/5731/hotspot/src/share/vm/prims/jni.cpp, line 709]
Event: 0.369 Thread 0x00007fef80206000 Exception <a 'java/io/FileNotFoundException'> (0x000000076d2e9848) thrown at [/HUDSON/workspace/8-2-build-linux-amd64/jdk8u71/5731/hotspot/src/share/vm/prims/jni.cpp, line 709]
Event: 0.371 Thread 0x00007fef80206000 Exception <a 'java/io/FileNotFoundException'> (0x000000076d2f67f0) thrown at [/HUDSON/workspace/8-2-build-linux-amd64/jdk8u71/5731/hotspot/src/share/vm/prims/jni.cpp, line 709]
Event: 0.374 Thread 0x00007fef80206000 Exception <a 'java/io/FileNotFoundException'> (0x000000076d302460) thrown at [/HUDSON/workspace/8-2-build-linux-amd64/jdk8u71/5731/hotspot/src/share/vm/prims/jni.cpp, line 709]
Event: 4.478 Thread 0x00007fef80206000 Exception <a 'java/lang/UnsupportedOperationException': > (0x000000076d7506e0) thrown at [/HUDSON/workspace/8-2-build-linux-amd64/jdk8u71/5731/hotspot/src/share/vm/prims/jni.cpp, line 735]

Events (10 events):
Event: 4.547 loading class gnu/io/RXTXPort$SerialOutputStream done
Event: 4.548 loading class java/util/TooManyListenersException
Event: 4.548 loading class java/util/TooManyListenersException done
Event: 4.549 loading class gnu/io/Zystem
Event: 4.549 loading class gnu/io/Zystem done
Event: 4.550 loading class gnu/io/UnSupportedLoggerException
Event: 4.550 loading class gnu/io/UnSupportedLoggerException done
Event: 4.552 loading class gnu/io/RXTXPort$MonitorThread
Event: 4.552 loading class gnu/io/RXTXPort$MonitorThread done
Event: 4.554 Thread 0x00007fef14200000 Thread added: 0x00007fef14200000


Dynamic libraries:
00400000-00401000 r-xp 00000000 08:04 395007                             /opt/jdk/jdk1.8.0_71/jre/bin/java
00600000-00601000 rw-p 00000000 08:04 395007                             /opt/jdk/jdk1.8.0_71/jre/bin/java
007a6000-007c7000 rw-p 00000000 00:00 0                                  [heap]
6c6200000-6d0900000 rw-p 00000000 00:00 0 
6d0900000-76cb80000 ---p 00000000 00:00 0 
76cb80000-771e80000 rw-p 00000000 00:00 0 
771e80000-7c0000000 ---p 00000000 00:00 0 
7c0000000-7c01a0000 rw-p 00000000 00:00 0 
7c01a0000-800000000 ---p 00000000 00:00 0 
7fef0c000000-7fef0c021000 rw-p 00000000 00:00 0 
7fef0c021000-7fef10000000 ---p 00000000 00:00 0 
7fef14000000-7fef143d0000 rw-p 00000000 00:00 0 
7fef143d0000-7fef18000000 ---p 00000000 00:00 0 
7fef18000000-7fef18021000 rw-p 00000000 00:00 0 
7fef18021000-7fef1c000000 ---p 00000000 00:00 0 
7fef1c000000-7fef1c024000 rw-p 00000000 00:00 0 
7fef1c024000-7fef20000000 ---p 00000000 00:00 0 
7fef20000000-7fef20021000 rw-p 00000000 00:00 0 
7fef20021000-7fef24000000 ---p 00000000 00:00 0 
7fef24000000-7fef24021000 rw-p 00000000 00:00 0 
7fef24021000-7fef28000000 ---p 00000000 00:00 0 
7fef28000000-7fef28021000 rw-p 00000000 00:00 0 
7fef28021000-7fef2c000000 ---p 00000000 00:00 0 
7fef2c000000-7fef2c172000 rw-p 00000000 00:00 0 
7fef2c172000-7fef30000000 ---p 00000000 00:00 0 
7fef30000000-7fef30021000 rw-p 00000000 00:00 0 
7fef30021000-7fef34000000 ---p 00000000 00:00 0 
7fef34000000-7fef340a5000 rw-p 00000000 00:00 0 
7fef340a5000-7fef38000000 ---p 00000000 00:00 0 
7fef38000000-7fef380f0000 rw-p 00000000 00:00 0 
7fef380f0000-7fef3c000000 ---p 00000000 00:00 0 
7fef3c000000-7fef3c021000 rw-p 00000000 00:00 0 
7fef3c021000-7fef40000000 ---p 00000000 00:00 0 
7fef40000000-7fef40021000 rw-p 00000000 00:00 0 
7fef40021000-7fef44000000 ---p 00000000 00:00 0 
7fef44000000-7fef44021000 rw-p 00000000 00:00 0 
7fef44021000-7fef48000000 ---p 00000000 00:00 0 
7fef48310000-7fef50000000 rw-p 00000000 00:00 0 
7fef50000000-7fef50021000 rw-p 00000000 00:00 0 
7fef50021000-7fef54000000 ---p 00000000 00:00 0 
7fef54000000-7fef54021000 rw-p 00000000 00:00 0 
7fef54021000-7fef58000000 ---p 00000000 00:00 0 
7fef58000000-7fef58021000 rw-p 00000000 00:00 0 
7fef58021000-7fef5c000000 ---p 00000000 00:00 0 
7fef60000000-7fef60021000 rw-p 00000000 00:00 0 
7fef60021000-7fef64000000 ---p 00000000 00:00 0 
7fef64c7e000-7fef64c81000 ---p 00000000 00:00 0 
7fef64c81000-7fef64d7f000 rw-p 00000000 00:00 0                          [stack:7995]
7fef64d7f000-7fef64da9000 r-xp 00000000 08:04 394973                     /opt/jdk/jdk1.8.0_71/jre/lib/amd64/libdcpr.so
7fef64da9000-7fef64fa9000 ---p 0002a000 08:04 394973                     /opt/jdk/jdk1.8.0_71/jre/lib/amd64/libdcpr.so
7fef64fa9000-7fef64fac000 rw-p 0002a000 08:04 394973                     /opt/jdk/jdk1.8.0_71/jre/lib/amd64/libdcpr.so
7fef64fac000-7fef6506c000 rw-p 00000000 00:00 0 
7fef6506c000-7fef651ac000 ---p 00000000 00:00 0 
7fef651ac000-7fef651af000 ---p 00000000 00:00 0 
7fef651af000-7fef652ad000 rw-p 00000000 00:00 0                          [stack:7994]
7fef652ad000-7fef65316000 r-xp 00000000 08:04 394945                     /opt/jdk/jdk1.8.0_71/jre/lib/amd64/libt2k.so
7fef65316000-7fef65516000 ---p 00069000 08:04 394945                     /opt/jdk/jdk1.8.0_71/jre/lib/amd64/libt2k.so
7fef65516000-7fef6551d000 rw-p 00069000 08:04 394945                     /opt/jdk/jdk1.8.0_71/jre/lib/amd64/libt2k.so
7fef6551d000-7fef6552d000 rw-p 00000000 00:00 0 
7fef6552d000-7fef6553e000 r-xp 00000000 08:04 394988                     /opt/jdk/jdk1.8.0_71/jre/lib/amd64/libnio.so
7fef6553e000-7fef6573d000 ---p 00011000 08:04 394988                     /opt/jdk/jdk1.8.0_71/jre/lib/amd64/libnio.so
7fef6573d000-7fef6573e000 rw-p 00010000 08:04 394988                     /opt/jdk/jdk1.8.0_71/jre/lib/amd64/libnio.so
7fef6573e000-7fef65a3f000 rw-p 00000000 00:00 0 
7fef65a3f000-7fef65a55000 r-xp 00000000 08:04 394933                     /opt/jdk/jdk1.8.0_71/jre/lib/amd64/libnet.so
7fef65a55000-7fef65c55000 ---p 00016000 08:04 394933                     /opt/jdk/jdk1.8.0_71/jre/lib/amd64/libnet.so
7fef65c55000-7fef65c56000 rw-p 00016000 08:04 394933                     /opt/jdk/jdk1.8.0_71/jre/lib/amd64/libnet.so
7fef65c56000-7fef65e56000 rw-p 00000000 00:00 0 
7fef65e56000-7fef65e62000 r-xp 00000000 08:04 2369518                    /home/ray/Java Libs/rxtx-2.1-7-bins-r2/Linux/x86_64-unknown-linux-gnu/librxtxSerial.so
7fef65e62000-7fef65f61000 ---p 0000c000 08:04 2369518                    /home/ray/Java Libs/rxtx-2.1-7-bins-r2/Linux/x86_64-unknown-linux-gnu/librxtxSerial.so
7fef65f61000-7fef65f63000 rw-p 0000b000 08:04 2369518                    /home/ray/Java Libs/rxtx-2.1-7-bins-r2/Linux/x86_64-unknown-linux-gnu/librxtxSerial.so
7fef65f63000-7fef65f66000 ---p 00000000 00:00 0 
7fef65f66000-7fef66064000 rw-p 00000000 00:00 0                          [stack:7993]
7fef66064000-7fef66067000 ---p 00000000 00:00 0 
7fef66067000-7fef66165000 rw-p 00000000 00:00 0                          [stack:7992]
7fef66165000-7fef66168000 ---p 00000000 00:00 0 
7fef66168000-7fef66266000 rw-p 00000000 00:00 0                          [stack:7991]
7fef66266000-7fef6626b000 r-xp 00000000 08:04 2105464                    /usr/lib/x86_64-linux-gnu/libXfixes.so.3.1.0
7fef6626b000-7fef6646a000 ---p 00005000 08:04 2105464                    /usr/lib/x86_64-linux-gnu/libXfixes.so.3.1.0
7fef6646a000-7fef6646b000 r--p 00004000 08:04 2105464                    /usr/lib/x86_64-linux-gnu/libXfixes.so.3.1.0
7fef6646b000-7fef6646c000 rw-p 00005000 08:04 2105464                    /usr/lib/x86_64-linux-gnu/libXfixes.so.3.1.0
7fef6646c000-7fef66476000 r-xp 00000000 08:04 2105498                    /usr/lib/x86_64-linux-gnu/libXcursor.so.1.0.2
7fef66476000-7fef66675000 ---p 0000a000 08:04 2105498                    /usr/lib/x86_64-linux-gnu/libXcursor.so.1.0.2
7fef66675000-7fef66676000 r--p 00009000 08:04 2105498                    /usr/lib/x86_64-linux-gnu/libXcursor.so.1.0.2
7fef66676000-7fef66677000 rw-p 0000a000 08:04 2105498                    /usr/lib/x86_64-linux-gnu/libXcursor.so.1.0.2
7fef66677000-7fef6667a000 ---p 00000000 00:00 0 
7fef6667a000-7fef66778000 rw-p 00000000 00:00 0                          [stack:7990]
7fef66778000-7fef6678e000 r-xp 00000000 08:04 3407876                    /lib/x86_64-linux-gnu/libgcc_s.so.1
7fef6678e000-7fef6698d000 ---p 00016000 08:04 3407876                    /lib/x86_64-linux-gnu/libgcc_s.so.1
7fef6698d000-7fef6698e000 rw-p 00015000 08:04 3407876                    /lib/x86_64-linux-gnu/libgcc_s.so.1
7fef6698e000-7fef669f3000 r-xp 00000000 08:04 394980                     /opt/jdk/jdk1.8.0_71/jre/lib/amd64/libfontmanager.so
7fef669f3000-7fef66bf2000 ---p 00065000 08:04 394980                     /opt/jdk/jdk1.8.0_71/jre/lib/amd64/libfontmanager.so
7fef66bf2000-7fef66bf7000 rw-p 00064000 08:04 394980                     /opt/jdk/jdk1.8.0_71/jre/lib/amd64/libfontmanager.so
7fef66bf7000-7fef66c07000 rw-p 00000000 00:00 0 
7fef66c07000-7fef66c0c000 r-xp 00000000 08:04 2104899                    /usr/lib/x86_64-linux-gnu/libXdmcp.so.6.0.0
7fef66c0c000-7fef66e0b000 ---p 00005000 08:04 2104899                    /usr/lib/x86_64-linux-gnu/libXdmcp.so.6.0.0
7fef66e0b000-7fef66e0c000 rw-p 00004000 08:04 2104899                    /usr/lib/x86_64-linux-gnu/libXdmcp.so.6.0.0
7fef66e0c000-7fef66e0f000 r-xp 00000000 08:04 2104897                    /usr/lib/x86_64-linux-gnu/libXau.so.6.0.0
7fef66e0f000-7fef6700e000 ---p 00003000 08:04 2104897                    /usr/lib/x86_64-linux-gnu/libXau.so.6.0.0
7fef6700e000-7fef6700f000 r--p 00002000 08:04 2104897                    /usr/lib/x86_64-linux-gnu/libXau.so.6.0.0
7fef6700f000-7fef67010000 rw-p 00003000 08:04 2104897                    /usr/lib/x86_64-linux-gnu/libXau.so.6.0.0
7fef67010000-7fef67031000 r-xp 00000000 08:04 2104901                    /usr/lib/x86_64-linux-gnu/libxcb.so.1.1.0
7fef67031000-7fef67230000 ---p 00021000 08:04 2104901                    /usr/lib/x86_64-linux-gnu/libxcb.so.1.1.0
7fef67230000-7fef67231000 r--p 00020000 08:04 2104901                    /usr/lib/x86_64-linux-gnu/libxcb.so.1.1.0
7fef67231000-7fef67232000 rw-p 00021000 08:04 2104901                    /usr/lib/x86_64-linux-gnu/libxcb.so.1.1.0
7fef67232000-7fef67241000 r-xp 00000000 08:04 2105500                    /usr/lib/x86_64-linux-gnu/libXi.so.6.1.0
7fef67241000-7fef67440000 ---p 0000f000 08:04 2105500                    /usr/lib/x86_64-linux-gnu/libXi.so.6.1.0
7fef67440000-7fef67441000 r--p 0000e000 08:04 2105500                    /usr/lib/x86_64-linux-gnu/libXi.so.6.1.0
7fef67441000-7fef67442000 rw-p 0000f000 08:04 2105500                    /usr/lib/x86_64-linux-gnu/libXi.so.6.1.0
7fef67442000-7fef67447000 r-xp 00000000 08:04 2106136                    /usr/lib/x86_64-linux-gnu/libXtst.so.6.1.0
7fef67447000-7fef67646000 ---p 00005000 08:04 2106136                    /usr/lib/x86_64-linux-gnu/libXtst.so.6.1.0
7fef67646000-7fef67647000 r--p 00004000 08:04 2106136                    /usr/lib/x86_64-linux-gnu/libXtst.so.6.1.0
7fef67647000-7fef67648000 rw-p 00005000 08:04 2106136                    /usr/lib/x86_64-linux-gnu/libXtst.so.6.1.0
7fef67648000-7fef67651000 r-xp 00000000 08:04 2104912                    /usr/lib/x86_64-linux-gnu/libXrender.so.1.3.0
7fef67651000-7fef67850000 ---p 00009000 08:04 2104912                    /usr/lib/x86_64-linux-gnu/libXrender.so.1.3.0
7fef67850000-7fef67851000 r--p 00008000 08:04 2104912                    /usr/lib/x86_64-linux-gnu/libXrender.so.1.3.0
7fef67851000-7fef67852000 rw-p 00009000 08:04 2104912                    /usr/lib/x86_64-linux-gnu/libXrender.so.1.3.0
7fef67852000-7fef6798e000 r-xp 00000000 08:04 2104905                    /usr/lib/x86_64-linux-gnu/libX11.so.6.3.0
7fef6798e000-7fef67b8d000 ---p 0013c000 08:04 2104905                    /usr/lib/x86_64-linux-gnu/libX11.so.6.3.0
7fef67b8d000-7fef67b8f000 r--p 0013b000 08:04 2104905                    /usr/lib/x86_64-linux-gnu/libX11.so.6.3.0
7fef67b8f000-7fef67b94000 rw-p 0013d000 08:04 2104905                    /usr/lib/x86_64-linux-gnu/libX11.so.6.3.0
7fef67b94000-7fef67b95000 rw-p 00000000 00:00 0 
7fef67b95000-7fef67ba6000 r-xp 00000000 08:04 2104908                    /usr/lib/x86_64-linux-gnu/libXext.so.6.4.0
7fef67ba6000-7fef67da5000 ---p 00011000 08:04 2104908                    /usr/lib/x86_64-linux-gnu/libXext.so.6.4.0
7fef67da5000-7fef67da6000 r--p 00010000 08:04 2104908                    /usr/lib/x86_64-linux-gnu/libXext.so.6.4.0
7fef67da6000-7fef67da7000 rw-p 00011000 08:04 2104908                    /usr/lib/x86_64-linux-gnu/libXext.so.6.4.0
7fef67da7000-7fef67dfb000 r-xp 00000000 08:04 394955                     /opt/jdk/jdk1.8.0_71/jre/lib/amd64/libawt_xawt.so
7fef67dfb000-7fef67ffb000 ---p 00054000 08:04 394955                     /opt/jdk/jdk1.8.0_71/jre/lib/amd64/libawt_xawt.so
7fef67ffb000-7fef67fff000 rw-p 00054000 08:04 394955                     /opt/jdk/jdk1.8.0_71/jre/lib/amd64/libawt_xawt.so
7fef67fff000-7fef68000000 rw-p 00000000 00:00 0 
7fef68000000-7fef68021000 rw-p 00000000 00:00 0 
7fef68021000-7fef6c000000 ---p 00000000 00:00 0 
7fef6c0cd000-7fef6c16f000 r-xp 00000000 08:04 394938                     /opt/jdk/jdk1.8.0_71/jre/lib/amd64/libawt.so
7fef6c16f000-7fef6c36f000 ---p 000a2000 08:04 394938                     /opt/jdk/jdk1.8.0_71/jre/lib/amd64/libawt.so
7fef6c36f000-7fef6c37b000 rw-p 000a2000 08:04 394938                     /opt/jdk/jdk1.8.0_71/jre/lib/amd64/libawt.so
7fef6c37b000-7fef6c39f000 rw-p 00000000 00:00 0 
7fef6c39f000-7fef6c3a0000 ---p 00000000 00:00 0 
7fef6c3a0000-7fef6c4a0000 rw-p 00000000 00:00 0                          [stack:7989]
7fef6c4a0000-7fef6c4a3000 ---p 00000000 00:00 0 
7fef6c4a3000-7fef6c5a1000 rw-p 00000000 00:00 0                          [stack:7988]
7fef6c5a1000-7fef6c5a4000 ---p 00000000 00:00 0 
7fef6c5a4000-7fef6c6a2000 rw-p 00000000 00:00 0                          [stack:7987]
7fef6c6a2000-7fef6c6a5000 ---p 00000000 00:00 0 
7fef6c6a5000-7fef6c7a3000 rw-p 00000000 00:00 0                          [stack:7986]
7fef6c7a3000-7fef6c7a6000 ---p 00000000 00:00 0 
7fef6c7a6000-7fef6c8a4000 rw-p 00000000 00:00 0                          [stack:7985]
7fef6c8a4000-7fef6c8a7000 ---p 00000000 00:00 0 
7fef6c8a7000-7fef6c9a5000 rw-p 00000000 00:00 0                          [stack:7984]
7fef6c9a5000-7fef6cb2e000 r--p 00000000 08:04 2101133                    /usr/lib/locale/locale-archive
7fef6cb2e000-7fef6cb31000 ---p 00000000 00:00 0 
7fef6cb31000-7fef6cc2f000 rw-p 00000000 00:00 0                          [stack:7983]
7fef6cc2f000-7fef6cc32000 ---p 00000000 00:00 0 
7fef6cc32000-7fef6cd30000 rw-p 00000000 00:00 0                          [stack:7982]
7fef6cd30000-7fef6cd31000 ---p 00000000 00:00 0 
7fef6cd31000-7fef6de13000 rw-p 00000000 00:00 0                          [stack:7981]
7fef6de13000-7fef6dfeb000 r--s 03d23000 08:04 394688                     /opt/jdk/jdk1.8.0_71/jre/lib/rt.jar
7fef6dfeb000-7fef6efba000 rw-p 00000000 00:00 0 
7fef6efba000-7fef6efbb000 ---p 00000000 00:00 0 
7fef6efbb000-7fef6f0bb000 rw-p 00000000 00:00 0                          [stack:7980]
7fef6f0bb000-7fef6f0bc000 ---p 00000000 00:00 0 
7fef6f0bc000-7fef6f1bc000 rw-p 00000000 00:00 0                          [stack:7979]
7fef6f1bc000-7fef6f1bd000 ---p 00000000 00:00 0 
7fef6f1bd000-7fef6f311000 rw-p 00000000 00:00 0                          [stack:7978]
7fef6f311000-7fef6f7f2000 ---p 00000000 00:00 0 
7fef6f7f2000-7fef6f846000 rw-p 00000000 00:00 0 
7fef6f846000-7fef6fd26000 ---p 00000000 00:00 0 
7fef6fd26000-7fef6fd51000 rw-p 00000000 00:00 0 
7fef6fd51000-7fef6ffc1000 ---p 00000000 00:00 0 
7fef6ffc1000-7fef6ffcd000 rw-p 00000000 00:00 0 
7fef6ffcd000-7fef70382000 ---p 00000000 00:00 0 
7fef70382000-7fef70632000 rwxp 00000000 00:00 0 
7fef70632000-7fef7f382000 ---p 00000000 00:00 0 
7fef7f382000-7fef7f39c000 r-xp 00000000 08:04 394954                     /opt/jdk/jdk1.8.0_71/jre/lib/amd64/libzip.so
7fef7f39c000-7fef7f59c000 ---p 0001a000 08:04 394954                     /opt/jdk/jdk1.8.0_71/jre/lib/amd64/libzip.so
7fef7f59c000-7fef7f59d000 rw-p 0001a000 08:04 394954                     /opt/jdk/jdk1.8.0_71/jre/lib/amd64/libzip.so
7fef7f59d000-7fef7f5a8000 r-xp 00000000 08:04 3407889                    /lib/x86_64-linux-gnu/libnss_files-2.19.so
7fef7f5a8000-7fef7f7a7000 ---p 0000b000 08:04 3407889                    /lib/x86_64-linux-gnu/libnss_files-2.19.so
7fef7f7a7000-7fef7f7a8000 r--p 0000a000 08:04 3407889                    /lib/x86_64-linux-gnu/libnss_files-2.19.so
7fef7f7a8000-7fef7f7a9000 rw-p 0000b000 08:04 3407889                    /lib/x86_64-linux-gnu/libnss_files-2.19.so
7fef7f7a9000-7fef7f7b3000 r-xp 00000000 08:04 3407891                    /lib/x86_64-linux-gnu/libnss_nis-2.19.so
7fef7f7b3000-7fef7f9b2000 ---p 0000a000 08:04 3407891                    /lib/x86_64-linux-gnu/libnss_nis-2.19.so
7fef7f9b2000-7fef7f9b3000 r--p 00009000 08:04 3407891                    /lib/x86_64-linux-gnu/libnss_nis-2.19.so
7fef7f9b3000-7fef7f9b4000 rw-p 0000a000 08:04 3407891                    /lib/x86_64-linux-gnu/libnss_nis-2.19.so
7fef7f9b4000-7fef7f9c9000 r-xp 00000000 08:04 3407886                    /lib/x86_64-linux-gnu/libnsl-2.19.so
7fef7f9c9000-7fef7fbc8000 ---p 00015000 08:04 3407886                    /lib/x86_64-linux-gnu/libnsl-2.19.so
7fef7fbc8000-7fef7fbc9000 r--p 00014000 08:04 3407886                    /lib/x86_64-linux-gnu/libnsl-2.19.so
7fef7fbc9000-7fef7fbca000 rw-p 00015000 08:04 3407886                    /lib/x86_64-linux-gnu/libnsl-2.19.so
7fef7fbca000-7fef7fbcc000 rw-p 00000000 00:00 0 
7fef7fbcc000-7fef7fbd3000 r-xp 00000000 08:04 3407887                    /lib/x86_64-linux-gnu/libnss_compat-2.19.so
7fef7fbd3000-7fef7fdd2000 ---p 00007000 08:04 3407887                    /lib/x86_64-linux-gnu/libnss_compat-2.19.so
7fef7fdd2000-7fef7fdd3000 r--p 00006000 08:04 3407887                    /lib/x86_64-linux-gnu/libnss_compat-2.19.so
7fef7fdd3000-7fef7fdd4000 rw-p 00007000 08:04 3407887                    /lib/x86_64-linux-gnu/libnss_compat-2.19.so
7fef7fdd4000-7fef7fdfe000 r-xp 00000000 08:04 394946                     /opt/jdk/jdk1.8.0_71/jre/lib/amd64/libjava.so
7fef7fdfe000-7fef7fffe000 ---p 0002a000 08:04 394946                     /opt/jdk/jdk1.8.0_71/jre/lib/amd64/libjava.so
7fef7fffe000-7fef80000000 rw-p 0002a000 08:04 394946                     /opt/jdk/jdk1.8.0_71/jre/lib/amd64/libjava.so
7fef80000000-7fef80208000 rw-p 00000000 00:00 0 
7fef80208000-7fef84000000 ---p 00000000 00:00 0 
7fef8400f000-7fef84011000 r--s 0000d000 08:04 1582057                    /home/ray/Java Libs/rxtx-2.1-7-bins-r2/RXTXcomm.jar
7fef84011000-7fef84015000 r--s 0002f000 08:04 1581924                    /home/ray/Java Libs/commons-io-2.5/commons-io-2.5.jar
7fef84015000-7fef8401b000 r--s 0007c000 08:04 1447648                    /home/ray/Java Libs/bridj-0.6.2-linux-only.jar
7fef8401b000-7fef840b2000 rw-p 00000000 00:00 0 
7fef840b2000-7fef840b3000 ---p 00000000 00:00 0 
7fef840b3000-7fef841b3000 rw-p 00000000 00:00 0                          [stack:7977]
7fef841b3000-7fef841c0000 r-xp 00000000 08:04 394937                     /opt/jdk/jdk1.8.0_71/jre/lib/amd64/libverify.so
7fef841c0000-7fef843c0000 ---p 0000d000 08:04 394937                     /opt/jdk/jdk1.8.0_71/jre/lib/amd64/libverify.so
7fef843c0000-7fef843c2000 rw-p 0000d000 08:04 394937                     /opt/jdk/jdk1.8.0_71/jre/lib/amd64/libverify.so
7fef843c2000-7fef843c9000 r-xp 00000000 08:04 3407895                    /lib/x86_64-linux-gnu/librt-2.19.so
7fef843c9000-7fef845c8000 ---p 00007000 08:04 3407895                    /lib/x86_64-linux-gnu/librt-2.19.so
7fef845c8000-7fef845c9000 r--p 00006000 08:04 3407895                    /lib/x86_64-linux-gnu/librt-2.19.so
7fef845c9000-7fef845ca000 rw-p 00007000 08:04 3407895                    /lib/x86_64-linux-gnu/librt-2.19.so
7fef845ca000-7fef846ca000 r-xp 00000000 08:04 3407884                    /lib/x86_64-linux-gnu/libm-2.19.so
7fef846ca000-7fef848c9000 ---p 00100000 08:04 3407884                    /lib/x86_64-linux-gnu/libm-2.19.so
7fef848c9000-7fef848ca000 r--p 000ff000 08:04 3407884                    /lib/x86_64-linux-gnu/libm-2.19.so
7fef848ca000-7fef848cb000 rw-p 00100000 08:04 3407884                    /lib/x86_64-linux-gnu/libm-2.19.so
7fef848cb000-7fef8558a000 r-xp 00000000 08:04 394952                     /opt/jdk/jdk1.8.0_71/jre/lib/amd64/server/libjvm.so
7fef8558a000-7fef85789000 ---p 00cbf000 08:04 394952                     /opt/jdk/jdk1.8.0_71/jre/lib/amd64/server/libjvm.so
7fef85789000-7fef85862000 rw-p 00cbe000 08:04 394952                     /opt/jdk/jdk1.8.0_71/jre/lib/amd64/server/libjvm.so
7fef85862000-7fef858ab000 rw-p 00000000 00:00 0 
7fef858ab000-7fef85a4d000 r-xp 00000000 08:04 3407880                    /lib/x86_64-linux-gnu/libc-2.19.so
7fef85a4d000-7fef85c4c000 ---p 001a2000 08:04 3407880                    /lib/x86_64-linux-gnu/libc-2.19.so
7fef85c4c000-7fef85c50000 r--p 001a1000 08:04 3407880                    /lib/x86_64-linux-gnu/libc-2.19.so
7fef85c50000-7fef85c52000 rw-p 001a5000 08:04 3407880                    /lib/x86_64-linux-gnu/libc-2.19.so
7fef85c52000-7fef85c56000 rw-p 00000000 00:00 0 
7fef85c56000-7fef85c59000 r-xp 00000000 08:04 3407883                    /lib/x86_64-linux-gnu/libdl-2.19.so
7fef85c59000-7fef85e58000 ---p 00003000 08:04 3407883                    /lib/x86_64-linux-gnu/libdl-2.19.so
7fef85e58000-7fef85e59000 r--p 00002000 08:04 3407883                    /lib/x86_64-linux-gnu/libdl-2.19.so
7fef85e59000-7fef85e5a000 rw-p 00003000 08:04 3407883                    /lib/x86_64-linux-gnu/libdl-2.19.so
7fef85e5a000-7fef85e6f000 r-xp 00000000 08:04 394984                     /opt/jdk/jdk1.8.0_71/jre/lib/amd64/jli/libjli.so
7fef85e6f000-7fef8606f000 ---p 00015000 08:04 394984                     /opt/jdk/jdk1.8.0_71/jre/lib/amd64/jli/libjli.so
7fef8606f000-7fef86070000 rw-p 00015000 08:04 394984                     /opt/jdk/jdk1.8.0_71/jre/lib/amd64/jli/libjli.so
7fef86070000-7fef86088000 r-xp 00000000 08:04 3407875                    /lib/x86_64-linux-gnu/libpthread-2.19.so
7fef86088000-7fef86287000 ---p 00018000 08:04 3407875                    /lib/x86_64-linux-gnu/libpthread-2.19.so
7fef86287000-7fef86288000 r--p 00017000 08:04 3407875                    /lib/x86_64-linux-gnu/libpthread-2.19.so
7fef86288000-7fef86289000 rw-p 00018000 08:04 3407875                    /lib/x86_64-linux-gnu/libpthread-2.19.so
7fef86289000-7fef8628d000 rw-p 00000000 00:00 0 
7fef8628d000-7fef862ad000 r-xp 00000000 08:04 3407877                    /lib/x86_64-linux-gnu/ld-2.19.so
7fef862ad000-7fef862b2000 r--s 00048000 08:04 2636286                    /home/ray/opencv-3.1.0/build/bin/opencv-310.jar
7fef862b2000-7fef862b4000 r--s 00009000 08:04 1577872                    /home/ray/Java Libs/sl4j/slf4j-1.7.21/slf4j-api-1.7.21.jar
7fef862b4000-7fef862b8000 r--s 00060000 08:04 1449993                    /home/ray/Java Libs/webcam-capture/webcam-capture-0.3.10.jar
7fef862b8000-7fef8638a000 rw-p 00000000 00:00 0 
7fef8638a000-7fef8638d000 ---p 00000000 00:00 0 
7fef8638d000-7fef86490000 rw-p 00000000 00:00 0                          [stack:7974]
7fef86490000-7fef864a1000 r--s 000f8000 08:04 1449920                    /home/ray/Java Libs/jcodec-0.1.6-3.jar
7fef864a1000-7fef864a9000 rw-s 00000000 08:04 1182191                    /tmp/hsperfdata_ray/7970
7fef864a9000-7fef864aa000 rw-p 00000000 00:00 0 
7fef864aa000-7fef864ab000 r--p 00000000 00:00 0 
7fef864ab000-7fef864ad000 rw-p 00000000 00:00 0 
7fef864ad000-7fef864ae000 r--p 00020000 08:04 3407877                    /lib/x86_64-linux-gnu/ld-2.19.so
7fef864ae000-7fef864af000 rw-p 00021000 08:04 3407877                    /lib/x86_64-linux-gnu/ld-2.19.so
7fef864af000-7fef864b0000 rw-p 00000000 00:00 0 
7ffdf6adb000-7ffdf6afc000 rw-p 00000000 00:00 0                          [stack]
7ffdf6bfa000-7ffdf6bfc000 r-xp 00000000 00:00 0                          [vdso]
7ffdf6bfc000-7ffdf6bfe000 r--p 00000000 00:00 0                          [vvar]
ffffffffff600000-ffffffffff601000 r-xp 00000000 00:00 0                  [vsyscall]

VM Arguments:
jvm_args: -Djava.library.path=/home/ray/opencv-3.1.0/build/lib:/home/ray/Java Libs/rxtx-2.1-7-bins-r2/Linux/x86_64-unknown-linux-gnu -Dfile.encoding=UTF-8 
java_command: GUI.VideoRecorderGUI
java_class_path (initial): /home/ray/workspaceMars/FlyWalkRamLab/bin:/home/ray/Java Libs/jcodec-0.1.6-3.jar:/home/ray/Java Libs/webcam-capture/webcam-capture-0.3.10.jar:/home/ray/Java Libs/sl4j/slf4j-1.7.21/slf4j-api-1.7.21.jar:/home/ray/Java Libs/bridj-0.6.2-linux-only.jar:/home/ray/opencv-3.1.0/build/bin/opencv-310.jar:/home/ray/Java Libs/commons-io-2.5/commons-io-2.5.jar:/home/ray/Java Libs/rxtx-2.1-7-bins-r2/RXTXcomm.jar:/home/ray/workspaceMars/FlyWalkRamLab/jgoodies-forms-1.8.0.jar
Launcher Type: SUN_STANDARD

Environment Variables:
PATH=/usr/local/bin:/usr/bin:/bin:/usr/local/games:/usr/games
USERNAME=ray
SHELL=/bin/bash
DISPLAY=:0.0

Signal Handlers:
SIGSEGV: [libjvm.so+0xabafa0], sa_mask[0]=11111111011111111101111111111110, sa_flags=SA_RESTART|SA_SIGINFO
SIGBUS: [libjvm.so+0xabafa0], sa_mask[0]=11111111011111111101111111111110, sa_flags=SA_RESTART|SA_SIGINFO
SIGFPE: [libjvm.so+0x9183c0], sa_mask[0]=11111111011111111101111111111110, sa_flags=SA_RESTART|SA_SIGINFO
SIGPIPE: [libjvm.so+0x9183c0], sa_mask[0]=11111111011111111101111111111110, sa_flags=SA_RESTART|SA_SIGINFO
SIGXFSZ: [libjvm.so+0x9183c0], sa_mask[0]=11111111011111111101111111111110, sa_flags=SA_RESTART|SA_SIGINFO
SIGILL: [libjvm.so+0x9183c0], sa_mask[0]=11111111011111111101111111111110, sa_flags=SA_RESTART|SA_SIGINFO
SIGUSR1: SIG_DFL, sa_mask[0]=00000000000000000000000000000000, sa_flags=none
SIGUSR2: [libjvm.so+0x9199f0], sa_mask[0]=00100000000000000000000000000000, sa_flags=SA_RESTART|SA_SIGINFO
SIGHUP: [libjvm.so+0x91adf0], sa_mask[0]=11111111011111111101111111111110, sa_flags=SA_RESTART|SA_SIGINFO
SIGINT: [libjvm.so+0x91adf0], sa_mask[0]=11111111011111111101111111111110, sa_flags=SA_RESTART|SA_SIGINFO
SIGTERM: [libjvm.so+0x91adf0], sa_mask[0]=11111111011111111101111111111110, sa_flags=SA_RESTART|SA_SIGINFO
SIGQUIT: [libjvm.so+0x91adf0], sa_mask[0]=11111111011111111101111111111110, sa_flags=SA_RESTART|SA_SIGINFO


---------------  S Y S T E M  ---------------

OS:PRETTY_NAME="Debian GNU/Linux 8 (jessie)"
NAME="Debian GNU/Linux"
VERSION_ID="8"
VERSION="8 (jessie)"
ID=debian
HOME_URL="http://www.debian.org/"
SUPPORT_URL="http://www.debian.org/support"
BUG_REPORT_URL="https://bugs.debian.org/"

uname:Linux 3.16.0-4-amd64 #1 SMP Debian 3.16.7-ckt25-2+deb8u3 (2016-07-02) x86_64
libc:glibc 2.19 NPTL 2.19 
rlimit: STACK 8192k, CORE 0k, NPROC 63414, NOFILE 65536, AS infinity
load average:0.27 0.41 0.52

/proc/meminfo:
MemTotal:       16373520 kB
MemFree:        10510820 kB
MemAvailable:   11954680 kB
Buffers:          127148 kB
Cached:          1801644 kB
SwapCached:            0 kB
Active:          4420956 kB
Inactive:        1171516 kB
Active(anon):    3666652 kB
Inactive(anon):   366352 kB
Active(file):     754304 kB
Inactive(file):   805164 kB
Unevictable:          32 kB
Mlocked:              32 kB
SwapTotal:             0 kB
SwapFree:              0 kB
Dirty:               260 kB
Writeback:             0 kB
AnonPages:       3663552 kB
Mapped:           518548 kB
Shmem:            369328 kB
Slab:             146168 kB
SReclaimable:     106656 kB
SUnreclaim:        39512 kB
KernelStack:       10912 kB
PageTables:        50220 kB
NFS_Unstable:          0 kB
Bounce:                0 kB
WritebackTmp:          0 kB
CommitLimit:     8186760 kB
Committed_AS:   11124476 kB
VmallocTotal:   34359738367 kB
VmallocUsed:      464544 kB
VmallocChunk:   34359247508 kB
HardwareCorrupted:     0 kB
AnonHugePages:         0 kB
HugePages_Total:       0
HugePages_Free:        0
HugePages_Rsvd:        0
HugePages_Surp:        0
Hugepagesize:       2048 kB
DirectMap4k:       51832 kB
DirectMap2M:    16629760 kB


CPU:total 4 (2 cores per cpu, 2 threads per core) family 6 model 58 stepping 9, cmov, cx8, fxsr, mmx, sse, sse2, sse3, ssse3, sse4.1, sse4.2, popcnt, avx, aes, clmul, erms, ht, tsc, tscinvbit, tscinv

/proc/cpuinfo:
processor	: 0
vendor_id	: GenuineIntel
cpu family	: 6
model		: 58
model name	: Intel(R) Core(TM) i5-3210M CPU @ 2.50GHz
stepping	: 9
microcode	: 0x15
cpu MHz		: 1288.867
cache size	: 3072 KB
physical id	: 0
siblings	: 4
core id		: 0
cpu cores	: 2
apicid		: 0
initial apicid	: 0
fpu		: yes
fpu_exception	: yes
cpuid level	: 13
wp		: yes
flags		: fpu vme de pse tsc msr pae mce cx8 apic sep mtrr pge mca cmov pat pse36 clflush dts acpi mmx fxsr sse sse2 ss ht tm pbe syscall nx rdtscp lm constant_tsc arch_perfmon pebs bts rep_good nopl xtopology nonstop_tsc aperfmperf eagerfpu pni pclmulqdq dtes64 monitor ds_cpl vmx est tm2 ssse3 cx16 xtpr pdcm pcid sse4_1 sse4_2 x2apic popcnt tsc_deadline_timer aes xsave avx f16c rdrand lahf_lm ida arat xsaveopt pln pts dtherm tpr_shadow vnmi flexpriority ept vpid fsgsbase smep erms
bogomips	: 4988.30
clflush size	: 64
cache_alignment	: 64
address sizes	: 36 bits physical, 48 bits virtual
power management:

processor	: 1
vendor_id	: GenuineIntel
cpu family	: 6
model		: 58
model name	: Intel(R) Core(TM) i5-3210M CPU @ 2.50GHz
stepping	: 9
microcode	: 0x15
cpu MHz		: 1234.960
cache size	: 3072 KB
physical id	: 0
siblings	: 4
core id		: 1
cpu cores	: 2
apicid		: 2
initial apicid	: 2
fpu		: yes
fpu_exception	: yes
cpuid level	: 13
wp		: yes
flags		: fpu vme de pse tsc msr pae mce cx8 apic sep mtrr pge mca cmov pat pse36 clflush dts acpi mmx fxsr sse sse2 ss ht tm pbe syscall nx rdtscp lm constant_tsc arch_perfmon pebs bts rep_good nopl xtopology nonstop_tsc aperfmperf eagerfpu pni pclmulqdq dtes64 monitor ds_cpl vmx est tm2 ssse3 cx16 xtpr pdcm pcid sse4_1 sse4_2 x2apic popcnt tsc_deadline_timer aes xsave avx f16c rdrand lahf_lm ida arat xsaveopt pln pts dtherm tpr_shadow vnmi flexpriority ept vpid fsgsbase smep erms
bogomips	: 4988.30
clflush size	: 64
cache_alignment	: 64
address sizes	: 36 bits physical, 48 bits virtual
power management:

processor	: 2
vendor_id	: GenuineIntel
cpu family	: 6
model		: 58
model name	: Intel(R) Core(TM) i5-3210M CPU @ 2.50GHz
stepping	: 9
microcode	: 0x15
cpu MHz		: 1293.261
cache size	: 3072 KB
physical id	: 0
siblings	: 4
core id		: 0
cpu cores	: 2
apicid		: 1
initial apicid	: 1
fpu		: yes
fpu_exception	: yes
cpuid level	: 13
wp		: yes
flags		: fpu vme de pse tsc msr pae mce cx8 apic sep mtrr pge mca cmov pat pse36 clflush dts acpi mmx fxsr sse sse2 ss ht tm pbe syscall nx rdtscp lm constant_tsc arch_perfmon pebs bts rep_good nopl xtopology nonstop_tsc aperfmperf eagerfpu pni pclmulqdq dtes64 monitor ds_cpl vmx est tm2 ssse3 cx16 xtpr pdcm pcid sse4_1 sse4_2 x2apic popcnt tsc_deadline_timer aes xsave avx f16c rdrand lahf_lm ida arat xsaveopt pln pts dtherm tpr_shadow vnmi flexpriority ept vpid fsgsbase smep erms
bogomips	: 4988.30
clflush size	: 64
cache_alignment	: 64
address sizes	: 36 bits physical, 48 bits virtual
power management:

processor	: 3
vendor_id	: GenuineIntel
cpu family	: 6
model		: 58
model name	: Intel(R) Core(TM) i5-3210M CPU @ 2.50GHz
stepping	: 9
microcode	: 0x15
cpu MHz		: 1296.484
cache size	: 3072 KB
physical id	: 0
siblings	: 4
core id		: 1
cpu cores	: 2
apicid		: 3
initial apicid	: 3
fpu		: yes
fpu_exception	: yes
cpuid level	: 13
wp		: yes
flags		: fpu vme de pse tsc msr pae mce cx8 apic sep mtrr pge mca cmov pat pse36 clflush dts acpi mmx fxsr sse sse2 ss ht tm pbe syscall nx rdtscp lm constant_tsc arch_perfmon pebs bts rep_good nopl xtopology nonstop_tsc aperfmperf eagerfpu pni pclmulqdq dtes64 monitor ds_cpl vmx est tm2 ssse3 cx16 xtpr pdcm pcid sse4_1 sse4_2 x2apic popcnt tsc_deadline_timer aes xsave avx f16c rdrand lahf_lm ida arat xsaveopt pln pts dtherm tpr_shadow vnmi flexpriority ept vpid fsgsbase smep erms
bogomips	: 4988.30
clflush size	: 64
cache_alignment	: 64
address sizes	: 36 bits physical, 48 bits virtual
power management:



Memory: 4k page, physical 16373520k(10510820k free), swap 0k(0k free)

vm_info: Java HotSpot(TM) 64-Bit Server VM (25.71-b15) for linux-amd64 JRE (1.8.0_71-b15), built on Dec 22 2015 18:21:33 by "java_re" with gcc 4.3.0 20080428 (Red Hat 4.3.0-8)

time: Wed Sep  7 17:15:05 2016
elapsed time: 6 seconds (0d 0h 0m 6s)

